2017-06-08 11:34:41.739  INFO 10460 --- [main] s.c.a.AnnotationConfigApplicationContext : Refreshing org.springframework.context.annotation.AnnotationConfigApplicationContext@2ab4bc72: startup date [Thu Jun 08 11:34:41 CST 2017]; root of context hierarchy
2017-06-08 11:34:42.102  INFO 10460 --- [main] f.a.AutowiredAnnotationBeanPostProcessor : JSR-330 'javax.inject.Inject' annotation found and supported for autowiring
2017-06-08 11:34:42.133  INFO 10460 --- [main] trationDelegate$BeanPostProcessorChecker : Bean 'configurationPropertiesRebinderAutoConfiguration' of type [org.springframework.cloud.autoconfigure.ConfigurationPropertiesRebinderAutoConfiguration$$EnhancerBySpringCGLIB$$9f44b326] is not eligible for getting processed by all BeanPostProcessors (for example: not eligible for auto-proxying)
2017-06-08 11:34:42.723  INFO 10460 --- [main] c.c.c.ConfigServicePropertySourceLocator : Fetching config from server at: http://192.168.10.101:30504
2017-06-08 11:34:43.943  INFO 10460 --- [main] c.c.c.ConfigServicePropertySourceLocator : Located environment: name=hello-server, profiles=[test], label=master, version=1da9972d5229f059aee73a4f6b25dbc3523e983a, state=null
2017-06-08 11:34:43.943  INFO 10460 --- [main] b.c.PropertySourceBootstrapConfiguration : Located property source: CompositePropertySource [name='configService', propertySources=[MapPropertySource [name='configClient'], MapPropertySource [name='http://192.168.10.100:8000/test/config-repo.git/test/application.yml']]]
2017-06-08 11:34:44.043  INFO 10460 --- [main] test.Application                         : The following profiles are active: test
2017-06-08 11:34:44.055  INFO 10460 --- [main] ationConfigEmbeddedWebApplicationContext : Refreshing org.springframework.boot.context.embedded.AnnotationConfigEmbeddedWebApplicationContext@54227100: startup date [Thu Jun 08 11:34:44 CST 2017]; parent: org.springframework.context.annotation.AnnotationConfigApplicationContext@2ab4bc72
2017-06-08 11:34:44.892  INFO 10460 --- [main] o.s.cloud.context.scope.GenericScope     : BeanFactory id=8d5c8199-58f6-3c69-b7f2-98b12de6f8ae
2017-06-08 11:34:44.910  INFO 10460 --- [main] f.a.AutowiredAnnotationBeanPostProcessor : JSR-330 'javax.inject.Inject' annotation found and supported for autowiring
2017-06-08 11:34:44.934  INFO 10460 --- [main] trationDelegate$BeanPostProcessorChecker : Bean 'org.springframework.cloud.autoconfigure.ConfigurationPropertiesRebinderAutoConfiguration' of type [org.springframework.cloud.autoconfigure.ConfigurationPropertiesRebinderAutoConfiguration$$EnhancerBySpringCGLIB$$9f44b326] is not eligible for getting processed by all BeanPostProcessors (for example: not eligible for auto-proxying)
2017-06-08 11:34:45.560  INFO 10460 --- [main] s.b.c.e.t.TomcatEmbeddedServletContainer : Tomcat initialized with port(s): 8080 (http)
2017-06-08 11:34:45.590  INFO 10460 --- [main] o.apache.catalina.core.StandardService   : Starting service Tomcat
2017-06-08 11:34:45.591  INFO 10460 --- [main] org.apache.catalina.core.StandardEngine  : Starting Servlet Engine: Apache Tomcat/8.5.11
2017-06-08 11:34:45.776  INFO 10460 --- [localhost-startStop-1] o.a.c.c.C.[Tomcat].[localhost].[/]       : Initializing Spring embedded WebApplicationContext
2017-06-08 11:34:45.776  INFO 10460 --- [localhost-startStop-1] o.s.web.context.ContextLoader            : Root WebApplicationContext: initialization completed in 1721 ms
2017-06-08 11:34:46.014  INFO 10460 --- [localhost-startStop-1] o.s.b.w.servlet.ServletRegistrationBean  : Mapping servlet: 'dispatcherServlet' to [/]
2017-06-08 11:34:46.021  INFO 10460 --- [localhost-startStop-1] o.s.b.w.servlet.FilterRegistrationBean   : Mapping filter: 'characterEncodingFilter' to: [/*]
2017-06-08 11:34:46.022  INFO 10460 --- [localhost-startStop-1] o.s.b.w.servlet.FilterRegistrationBean   : Mapping filter: 'hiddenHttpMethodFilter' to: [/*]
2017-06-08 11:34:46.023  INFO 10460 --- [localhost-startStop-1] o.s.b.w.servlet.FilterRegistrationBean   : Mapping filter: 'httpPutFormContentFilter' to: [/*]
2017-06-08 11:34:46.023  INFO 10460 --- [localhost-startStop-1] o.s.b.w.servlet.FilterRegistrationBean   : Mapping filter: 'requestContextFilter' to: [/*]
2017-06-08 11:34:46.832  INFO 10460 --- [main] s.w.s.m.m.a.RequestMappingHandlerAdapter : Looking for @ControllerAdvice: org.springframework.boot.context.embedded.AnnotationConfigEmbeddedWebApplicationContext@54227100: startup date [Thu Jun 08 11:34:44 CST 2017]; parent: org.springframework.context.annotation.AnnotationConfigApplicationContext@2ab4bc72
2017-06-08 11:34:46.917  INFO 10460 --- [main] s.w.s.m.m.a.RequestMappingHandlerMapping : Mapped "{[]}" onto public java.lang.String test.web.HelloController.interboss(java.lang.String)
2017-06-08 11:34:46.921  INFO 10460 --- [main] s.w.s.m.m.a.RequestMappingHandlerMapping : Mapped "{[/error]}" onto public org.springframework.http.ResponseEntity<java.util.Map<java.lang.String, java.lang.Object>> org.springframework.boot.autoconfigure.web.BasicErrorController.error(javax.servlet.http.HttpServletRequest)
2017-06-08 11:34:46.922  INFO 10460 --- [main] s.w.s.m.m.a.RequestMappingHandlerMapping : Mapped "{[/error],produces=[text/html]}" onto public org.springframework.web.servlet.ModelAndView org.springframework.boot.autoconfigure.web.BasicErrorController.errorHtml(javax.servlet.http.HttpServletRequest,javax.servlet.http.HttpServletResponse)
2017-06-08 11:34:46.954  INFO 10460 --- [main] o.s.w.s.handler.SimpleUrlHandlerMapping  : Mapped URL path [/webjars/**] onto handler of type [class org.springframework.web.servlet.resource.ResourceHttpRequestHandler]
2017-06-08 11:34:46.954  INFO 10460 --- [main] o.s.w.s.handler.SimpleUrlHandlerMapping  : Mapped URL path [/**] onto handler of type [class org.springframework.web.servlet.resource.ResourceHttpRequestHandler]
2017-06-08 11:34:46.998  INFO 10460 --- [main] o.s.w.s.handler.SimpleUrlHandlerMapping  : Mapped URL path [/**/favicon.ico] onto handler of type [class org.springframework.web.servlet.resource.ResourceHttpRequestHandler]
2017-06-08 11:34:47.390  WARN 10460 --- [main] c.n.c.sources.URLConfigurationSource     : No URLs will be polled as dynamic configuration sources.
2017-06-08 11:34:47.390  INFO 10460 --- [main] c.n.c.sources.URLConfigurationSource     : To enable URLs as dynamic configuration sources, define System property archaius.configurationSource.additionalUrls or make config.properties available on classpath.
2017-06-08 11:34:47.400  WARN 10460 --- [main] c.n.c.sources.URLConfigurationSource     : No URLs will be polled as dynamic configuration sources.
2017-06-08 11:34:47.401  INFO 10460 --- [main] c.n.c.sources.URLConfigurationSource     : To enable URLs as dynamic configuration sources, define System property archaius.configurationSource.additionalUrls or make config.properties available on classpath.
2017-06-08 11:34:47.470  INFO 10460 --- [main] o.s.j.e.a.AnnotationMBeanExporter        : Registering beans for JMX exposure on startup
2017-06-08 11:34:47.479  INFO 10460 --- [main] o.s.j.e.a.AnnotationMBeanExporter        : Bean with name 'environmentManager' has been autodetected for JMX exposure
2017-06-08 11:34:47.479  INFO 10460 --- [main] o.s.j.e.a.AnnotationMBeanExporter        : Bean with name 'configurationPropertiesRebinder' has been autodetected for JMX exposure
2017-06-08 11:34:47.481  INFO 10460 --- [main] o.s.j.e.a.AnnotationMBeanExporter        : Bean with name 'refreshScope' has been autodetected for JMX exposure
2017-06-08 11:34:47.483  INFO 10460 --- [main] o.s.j.e.a.AnnotationMBeanExporter        : Located managed bean 'environmentManager': registering with JMX server as MBean [org.springframework.cloud.context.environment:name=environmentManager,type=EnvironmentManager]
2017-06-08 11:34:47.516  INFO 10460 --- [main] o.s.j.e.a.AnnotationMBeanExporter        : Located managed bean 'refreshScope': registering with JMX server as MBean [org.springframework.cloud.context.scope.refresh:name=refreshScope,type=RefreshScope]
2017-06-08 11:34:47.528  INFO 10460 --- [main] o.s.j.e.a.AnnotationMBeanExporter        : Located managed bean 'configurationPropertiesRebinder': registering with JMX server as MBean [org.springframework.cloud.context.properties:name=configurationPropertiesRebinder,context=54227100,type=ConfigurationPropertiesRebinder]
2017-06-08 11:34:47.674  INFO 10460 --- [main] o.s.c.support.DefaultLifecycleProcessor  : Starting beans in phase 0
2017-06-08 11:34:47.806  INFO 10460 --- [main] o.s.c.n.eureka.InstanceInfoFactory       : Setting initial instance status as: STARTING
2017-06-08 11:34:48.208  INFO 10460 --- [main] c.n.d.provider.DiscoveryJerseyProvider   : Using JSON encoding codec LegacyJacksonJson
2017-06-08 11:34:48.210  INFO 10460 --- [main] c.n.d.provider.DiscoveryJerseyProvider   : Using JSON decoding codec LegacyJacksonJson
2017-06-08 11:34:48.445  INFO 10460 --- [main] c.n.d.provider.DiscoveryJerseyProvider   : Using XML encoding codec XStreamXml
2017-06-08 11:34:48.446  INFO 10460 --- [main] c.n.d.provider.DiscoveryJerseyProvider   : Using XML decoding codec XStreamXml
2017-06-08 11:34:48.909  INFO 10460 --- [main] com.netflix.discovery.DiscoveryClient    : Disable delta property : false
2017-06-08 11:34:48.912  INFO 10460 --- [main] com.netflix.discovery.DiscoveryClient    : Single vip registry refresh property : null
2017-06-08 11:34:48.912  INFO 10460 --- [main] com.netflix.discovery.DiscoveryClient    : Force full registry fetch : false
2017-06-08 11:34:48.912  INFO 10460 --- [main] com.netflix.discovery.DiscoveryClient    : Application is null : false
2017-06-08 11:34:48.912  INFO 10460 --- [main] com.netflix.discovery.DiscoveryClient    : Registered Applications size is zero : true
2017-06-08 11:34:48.912  INFO 10460 --- [main] com.netflix.discovery.DiscoveryClient    : Application version is -1: true
2017-06-08 11:34:48.913  INFO 10460 --- [main] com.netflix.discovery.DiscoveryClient    : Getting all instance registry info from the eureka server
2017-06-08 11:34:49.074  INFO 10460 --- [main] com.netflix.discovery.DiscoveryClient    : The response status is 200
2017-06-08 11:34:49.078  INFO 10460 --- [main] com.netflix.discovery.DiscoveryClient    : Starting heartbeat executor: renew interval is: 10
2017-06-08 11:34:49.082  INFO 10460 --- [main] c.n.discovery.InstanceInfoReplicator     : InstanceInfoReplicator onDemand update allowed rate per min is 4
2017-06-08 11:34:49.085  INFO 10460 --- [main] com.netflix.discovery.DiscoveryClient    : Discovery Client initialized at timestamp 1496892889085 with initial instances count: 2
2017-06-08 11:34:49.119  INFO 10460 --- [main] c.n.e.EurekaDiscoveryClientConfiguration : Registering application hello-server with eureka with status UP
2017-06-08 11:34:49.120  INFO 10460 --- [main] com.netflix.discovery.DiscoveryClient    : Saw local status change event StatusChangeEvent [timestamp=1496892889120, current=UP, previous=STARTING]
2017-06-08 11:34:49.122  INFO 10460 --- [DiscoveryClient-InstanceInfoReplicator-0] com.netflix.discovery.DiscoveryClient    : DiscoveryClient_HELLO-SERVER/SUNGUOQ29.asiapacific.hpqcorp.net:hello-server: registering service...
2017-06-08 11:34:49.200  INFO 10460 --- [main] s.b.c.e.t.TomcatEmbeddedServletContainer : Tomcat started on port(s): 8080 (http)
2017-06-08 11:34:49.202  INFO 10460 --- [main] c.n.e.EurekaDiscoveryClientConfiguration : Updating port to 8080
2017-06-08 11:34:49.207  INFO 10460 --- [main] test.Application                         : Started Application in 8.929 seconds (JVM running for 9.711)
2017-06-08 11:34:49.267  INFO 10460 --- [DiscoveryClient-InstanceInfoReplicator-0] com.netflix.discovery.DiscoveryClient    : DiscoveryClient_HELLO-SERVER/SUNGUOQ29.asiapacific.hpqcorp.net:hello-server - registration status: 204
2017-06-08 11:43:41.493  INFO 9576 --- [main] s.c.a.AnnotationConfigApplicationContext : Refreshing org.springframework.context.annotation.AnnotationConfigApplicationContext@2ab4bc72: startup date [Thu Jun 08 11:43:41 CST 2017]; root of context hierarchy
2017-06-08 11:43:41.809  INFO 9576 --- [main] f.a.AutowiredAnnotationBeanPostProcessor : JSR-330 'javax.inject.Inject' annotation found and supported for autowiring
2017-06-08 11:43:41.840  INFO 9576 --- [main] trationDelegate$BeanPostProcessorChecker : Bean 'configurationPropertiesRebinderAutoConfiguration' of type [org.springframework.cloud.autoconfigure.ConfigurationPropertiesRebinderAutoConfiguration$$EnhancerBySpringCGLIB$$9f44b326] is not eligible for getting processed by all BeanPostProcessors (for example: not eligible for auto-proxying)
2017-06-08 11:43:42.366  INFO 9576 --- [main] c.c.c.ConfigServicePropertySourceLocator : Fetching config from server at: http://192.168.10.101:30504
2017-06-08 11:43:45.873  INFO 9576 --- [main] c.c.c.ConfigServicePropertySourceLocator : Located environment: name=hello-server, profiles=[test], label=master, version=e7ade3e2dbe2ed2789b918803e7b4ee5f12e2c79, state=null
2017-06-08 11:43:45.874  INFO 9576 --- [main] b.c.PropertySourceBootstrapConfiguration : Located property source: CompositePropertySource [name='configService', propertySources=[MapPropertySource [name='configClient'], MapPropertySource [name='http://192.168.10.100:8000/test/config-repo.git/test/application.yml']]]
2017-06-08 11:43:45.935  INFO 9576 --- [main] test.Application                         : The following profiles are active: test
2017-06-08 11:43:45.949  INFO 9576 --- [main] ationConfigEmbeddedWebApplicationContext : Refreshing org.springframework.boot.context.embedded.AnnotationConfigEmbeddedWebApplicationContext@54227100: startup date [Thu Jun 08 11:43:45 CST 2017]; parent: org.springframework.context.annotation.AnnotationConfigApplicationContext@2ab4bc72
2017-06-08 11:43:46.719  INFO 9576 --- [main] o.s.cloud.context.scope.GenericScope     : BeanFactory id=8d5c8199-58f6-3c69-b7f2-98b12de6f8ae
2017-06-08 11:43:46.735  INFO 9576 --- [main] f.a.AutowiredAnnotationBeanPostProcessor : JSR-330 'javax.inject.Inject' annotation found and supported for autowiring
2017-06-08 11:43:46.769  INFO 9576 --- [main] trationDelegate$BeanPostProcessorChecker : Bean 'org.springframework.cloud.autoconfigure.ConfigurationPropertiesRebinderAutoConfiguration' of type [org.springframework.cloud.autoconfigure.ConfigurationPropertiesRebinderAutoConfiguration$$EnhancerBySpringCGLIB$$9f44b326] is not eligible for getting processed by all BeanPostProcessors (for example: not eligible for auto-proxying)
2017-06-08 11:43:47.358  INFO 9576 --- [main] s.b.c.e.t.TomcatEmbeddedServletContainer : Tomcat initialized with port(s): 8080 (http)
2017-06-08 11:43:47.371  INFO 9576 --- [main] o.apache.catalina.core.StandardService   : Starting service Tomcat
2017-06-08 11:43:47.372  INFO 9576 --- [main] org.apache.catalina.core.StandardEngine  : Starting Servlet Engine: Apache Tomcat/8.5.11
2017-06-08 11:43:47.526  INFO 9576 --- [localhost-startStop-1] o.a.c.c.C.[Tomcat].[localhost].[/]       : Initializing Spring embedded WebApplicationContext
2017-06-08 11:43:47.526  INFO 9576 --- [localhost-startStop-1] o.s.web.context.ContextLoader            : Root WebApplicationContext: initialization completed in 1577 ms
2017-06-08 11:43:47.719  INFO 9576 --- [localhost-startStop-1] o.s.b.w.servlet.ServletRegistrationBean  : Mapping servlet: 'dispatcherServlet' to [/]
2017-06-08 11:43:47.724  INFO 9576 --- [localhost-startStop-1] o.s.b.w.servlet.FilterRegistrationBean   : Mapping filter: 'characterEncodingFilter' to: [/*]
2017-06-08 11:43:47.725  INFO 9576 --- [localhost-startStop-1] o.s.b.w.servlet.FilterRegistrationBean   : Mapping filter: 'hiddenHttpMethodFilter' to: [/*]
2017-06-08 11:43:47.725  INFO 9576 --- [localhost-startStop-1] o.s.b.w.servlet.FilterRegistrationBean   : Mapping filter: 'httpPutFormContentFilter' to: [/*]
2017-06-08 11:43:47.725  INFO 9576 --- [localhost-startStop-1] o.s.b.w.servlet.FilterRegistrationBean   : Mapping filter: 'requestContextFilter' to: [/*]
2017-06-08 11:43:48.472  INFO 9576 --- [main] s.w.s.m.m.a.RequestMappingHandlerAdapter : Looking for @ControllerAdvice: org.springframework.boot.context.embedded.AnnotationConfigEmbeddedWebApplicationContext@54227100: startup date [Thu Jun 08 11:43:45 CST 2017]; parent: org.springframework.context.annotation.AnnotationConfigApplicationContext@2ab4bc72
2017-06-08 11:43:48.555  INFO 9576 --- [main] s.w.s.m.m.a.RequestMappingHandlerMapping : Mapped "{[]}" onto public java.lang.String test.web.HelloController.interboss(java.lang.String)
2017-06-08 11:43:48.559  INFO 9576 --- [main] s.w.s.m.m.a.RequestMappingHandlerMapping : Mapped "{[/error]}" onto public org.springframework.http.ResponseEntity<java.util.Map<java.lang.String, java.lang.Object>> org.springframework.boot.autoconfigure.web.BasicErrorController.error(javax.servlet.http.HttpServletRequest)
2017-06-08 11:43:48.560  INFO 9576 --- [main] s.w.s.m.m.a.RequestMappingHandlerMapping : Mapped "{[/error],produces=[text/html]}" onto public org.springframework.web.servlet.ModelAndView org.springframework.boot.autoconfigure.web.BasicErrorController.errorHtml(javax.servlet.http.HttpServletRequest,javax.servlet.http.HttpServletResponse)
2017-06-08 11:43:48.604  INFO 9576 --- [main] o.s.w.s.handler.SimpleUrlHandlerMapping  : Mapped URL path [/webjars/**] onto handler of type [class org.springframework.web.servlet.resource.ResourceHttpRequestHandler]
2017-06-08 11:43:48.604  INFO 9576 --- [main] o.s.w.s.handler.SimpleUrlHandlerMapping  : Mapped URL path [/**] onto handler of type [class org.springframework.web.servlet.resource.ResourceHttpRequestHandler]
2017-06-08 11:43:48.667  INFO 9576 --- [main] o.s.w.s.handler.SimpleUrlHandlerMapping  : Mapped URL path [/**/favicon.ico] onto handler of type [class org.springframework.web.servlet.resource.ResourceHttpRequestHandler]
2017-06-08 11:43:49.008  WARN 9576 --- [main] c.n.c.sources.URLConfigurationSource     : No URLs will be polled as dynamic configuration sources.
2017-06-08 11:43:49.008  INFO 9576 --- [main] c.n.c.sources.URLConfigurationSource     : To enable URLs as dynamic configuration sources, define System property archaius.configurationSource.additionalUrls or make config.properties available on classpath.
2017-06-08 11:43:49.016  WARN 9576 --- [main] c.n.c.sources.URLConfigurationSource     : No URLs will be polled as dynamic configuration sources.
2017-06-08 11:43:49.017  INFO 9576 --- [main] c.n.c.sources.URLConfigurationSource     : To enable URLs as dynamic configuration sources, define System property archaius.configurationSource.additionalUrls or make config.properties available on classpath.
2017-06-08 11:43:49.081  INFO 9576 --- [main] o.s.j.e.a.AnnotationMBeanExporter        : Registering beans for JMX exposure on startup
2017-06-08 11:43:49.089  INFO 9576 --- [main] o.s.j.e.a.AnnotationMBeanExporter        : Bean with name 'environmentManager' has been autodetected for JMX exposure
2017-06-08 11:43:49.091  INFO 9576 --- [main] o.s.j.e.a.AnnotationMBeanExporter        : Bean with name 'configurationPropertiesRebinder' has been autodetected for JMX exposure
2017-06-08 11:43:49.092  INFO 9576 --- [main] o.s.j.e.a.AnnotationMBeanExporter        : Bean with name 'refreshScope' has been autodetected for JMX exposure
2017-06-08 11:43:49.094  INFO 9576 --- [main] o.s.j.e.a.AnnotationMBeanExporter        : Located managed bean 'environmentManager': registering with JMX server as MBean [org.springframework.cloud.context.environment:name=environmentManager,type=EnvironmentManager]
2017-06-08 11:43:49.108  INFO 9576 --- [main] o.s.j.e.a.AnnotationMBeanExporter        : Located managed bean 'refreshScope': registering with JMX server as MBean [org.springframework.cloud.context.scope.refresh:name=refreshScope,type=RefreshScope]
2017-06-08 11:43:49.122  INFO 9576 --- [main] o.s.j.e.a.AnnotationMBeanExporter        : Located managed bean 'configurationPropertiesRebinder': registering with JMX server as MBean [org.springframework.cloud.context.properties:name=configurationPropertiesRebinder,context=54227100,type=ConfigurationPropertiesRebinder]
2017-06-08 11:43:49.266  INFO 9576 --- [main] o.s.c.support.DefaultLifecycleProcessor  : Starting beans in phase 0
2017-06-08 11:43:49.373  INFO 9576 --- [main] o.s.c.n.eureka.InstanceInfoFactory       : Setting initial instance status as: STARTING
2017-06-08 11:43:49.626  INFO 9576 --- [main] c.n.d.provider.DiscoveryJerseyProvider   : Using JSON encoding codec LegacyJacksonJson
2017-06-08 11:43:49.629  INFO 9576 --- [main] c.n.d.provider.DiscoveryJerseyProvider   : Using JSON decoding codec LegacyJacksonJson
2017-06-08 11:43:49.782  INFO 9576 --- [main] c.n.d.provider.DiscoveryJerseyProvider   : Using XML encoding codec XStreamXml
2017-06-08 11:43:49.782  INFO 9576 --- [main] c.n.d.provider.DiscoveryJerseyProvider   : Using XML decoding codec XStreamXml
2017-06-08 11:43:50.261  INFO 9576 --- [main] com.netflix.discovery.DiscoveryClient    : Disable delta property : false
2017-06-08 11:43:50.261  INFO 9576 --- [main] com.netflix.discovery.DiscoveryClient    : Single vip registry refresh property : null
2017-06-08 11:43:50.261  INFO 9576 --- [main] com.netflix.discovery.DiscoveryClient    : Force full registry fetch : false
2017-06-08 11:43:50.261  INFO 9576 --- [main] com.netflix.discovery.DiscoveryClient    : Application is null : false
2017-06-08 11:43:50.261  INFO 9576 --- [main] com.netflix.discovery.DiscoveryClient    : Registered Applications size is zero : true
2017-06-08 11:43:50.262  INFO 9576 --- [main] com.netflix.discovery.DiscoveryClient    : Application version is -1: true
2017-06-08 11:43:50.262  INFO 9576 --- [main] com.netflix.discovery.DiscoveryClient    : Getting all instance registry info from the eureka server
2017-06-08 11:43:50.449  INFO 9576 --- [main] com.netflix.discovery.DiscoveryClient    : The response status is 200
2017-06-08 11:43:50.452  INFO 9576 --- [main] com.netflix.discovery.DiscoveryClient    : Starting heartbeat executor: renew interval is: 10
2017-06-08 11:43:50.456  INFO 9576 --- [main] c.n.discovery.InstanceInfoReplicator     : InstanceInfoReplicator onDemand update allowed rate per min is 4
2017-06-08 11:43:50.472  INFO 9576 --- [main] com.netflix.discovery.DiscoveryClient    : Discovery Client initialized at timestamp 1496893430472 with initial instances count: 2
2017-06-08 11:43:50.525  INFO 9576 --- [main] c.n.e.EurekaDiscoveryClientConfiguration : Registering application hello-server with eureka with status UP
2017-06-08 11:43:50.527  INFO 9576 --- [main] com.netflix.discovery.DiscoveryClient    : Saw local status change event StatusChangeEvent [timestamp=1496893430527, current=UP, previous=STARTING]
2017-06-08 11:43:50.529  INFO 9576 --- [DiscoveryClient-InstanceInfoReplicator-0] com.netflix.discovery.DiscoveryClient    : DiscoveryClient_HELLO-SERVER/SUNGUOQ29.asiapacific.hpqcorp.net:hello-server: registering service...
2017-06-08 11:43:50.583  INFO 9576 --- [DiscoveryClient-InstanceInfoReplicator-0] com.netflix.discovery.DiscoveryClient    : DiscoveryClient_HELLO-SERVER/SUNGUOQ29.asiapacific.hpqcorp.net:hello-server - registration status: 204
2017-06-08 11:43:50.609  INFO 9576 --- [main] s.b.c.e.t.TomcatEmbeddedServletContainer : Tomcat started on port(s): 8080 (http)
2017-06-08 11:43:50.610  INFO 9576 --- [main] c.n.e.EurekaDiscoveryClientConfiguration : Updating port to 8080
2017-06-08 11:43:50.614  INFO 9576 --- [main] test.Application                         : Started Application in 10.223 seconds (JVM running for 10.799)
2017-06-08 12:28:13.235  INFO 11404 --- [main] s.c.a.AnnotationConfigApplicationContext : Refreshing org.springframework.context.annotation.AnnotationConfigApplicationContext@2ab4bc72: startup date [Thu Jun 08 12:28:13 CST 2017]; root of context hierarchy
2017-06-08 12:28:13.624  INFO 11404 --- [main] f.a.AutowiredAnnotationBeanPostProcessor : JSR-330 'javax.inject.Inject' annotation found and supported for autowiring
2017-06-08 12:28:13.799  INFO 11404 --- [main] trationDelegate$BeanPostProcessorChecker : Bean 'configurationPropertiesRebinderAutoConfiguration' of type [org.springframework.cloud.autoconfigure.ConfigurationPropertiesRebinderAutoConfiguration$$EnhancerBySpringCGLIB$$9f44b326] is not eligible for getting processed by all BeanPostProcessors (for example: not eligible for auto-proxying)
2017-06-08 12:28:14.491  INFO 11404 --- [main] c.c.c.ConfigServicePropertySourceLocator : Fetching config from server at: http://192.168.10.101:30504
2017-06-08 12:28:16.732  INFO 11404 --- [main] c.c.c.ConfigServicePropertySourceLocator : Located environment: name=hello-server, profiles=[test], label=master, version=e7ade3e2dbe2ed2789b918803e7b4ee5f12e2c79, state=null
2017-06-08 12:28:16.734  INFO 11404 --- [main] b.c.PropertySourceBootstrapConfiguration : Located property source: CompositePropertySource [name='configService', propertySources=[MapPropertySource [name='configClient'], MapPropertySource [name='http://192.168.10.100:8000/test/config-repo.git/test/application.yml']]]
2017-06-08 12:28:16.994  INFO 11404 --- [main] test.Application                         : The following profiles are active: test
2017-06-08 12:28:17.005  INFO 11404 --- [main] ationConfigEmbeddedWebApplicationContext : Refreshing org.springframework.boot.context.embedded.AnnotationConfigEmbeddedWebApplicationContext@54227100: startup date [Thu Jun 08 12:28:17 CST 2017]; parent: org.springframework.context.annotation.AnnotationConfigApplicationContext@2ab4bc72
2017-06-08 12:28:18.308  INFO 11404 --- [main] o.s.cloud.context.scope.GenericScope     : BeanFactory id=8d5c8199-58f6-3c69-b7f2-98b12de6f8ae
2017-06-08 12:28:18.339  INFO 11404 --- [main] f.a.AutowiredAnnotationBeanPostProcessor : JSR-330 'javax.inject.Inject' annotation found and supported for autowiring
2017-06-08 12:28:18.379  INFO 11404 --- [main] trationDelegate$BeanPostProcessorChecker : Bean 'org.springframework.cloud.autoconfigure.ConfigurationPropertiesRebinderAutoConfiguration' of type [org.springframework.cloud.autoconfigure.ConfigurationPropertiesRebinderAutoConfiguration$$EnhancerBySpringCGLIB$$9f44b326] is not eligible for getting processed by all BeanPostProcessors (for example: not eligible for auto-proxying)
2017-06-08 12:28:19.322  INFO 11404 --- [main] s.b.c.e.t.TomcatEmbeddedServletContainer : Tomcat initialized with port(s): 8080 (http)
2017-06-08 12:28:19.353  INFO 11404 --- [main] o.apache.catalina.core.StandardService   : Starting service Tomcat
2017-06-08 12:28:19.354  INFO 11404 --- [main] org.apache.catalina.core.StandardEngine  : Starting Servlet Engine: Apache Tomcat/8.5.11
2017-06-08 12:28:19.669  INFO 11404 --- [localhost-startStop-1] o.a.c.c.C.[Tomcat].[localhost].[/]       : Initializing Spring embedded WebApplicationContext
2017-06-08 12:28:19.670  INFO 11404 --- [localhost-startStop-1] o.s.web.context.ContextLoader            : Root WebApplicationContext: initialization completed in 2665 ms
2017-06-08 12:28:19.882  INFO 11404 --- [localhost-startStop-1] o.s.b.w.servlet.ServletRegistrationBean  : Mapping servlet: 'dispatcherServlet' to [/]
2017-06-08 12:28:19.889  INFO 11404 --- [localhost-startStop-1] o.s.b.w.servlet.FilterRegistrationBean   : Mapping filter: 'characterEncodingFilter' to: [/*]
2017-06-08 12:28:19.890  INFO 11404 --- [localhost-startStop-1] o.s.b.w.servlet.FilterRegistrationBean   : Mapping filter: 'hiddenHttpMethodFilter' to: [/*]
2017-06-08 12:28:19.890  INFO 11404 --- [localhost-startStop-1] o.s.b.w.servlet.FilterRegistrationBean   : Mapping filter: 'httpPutFormContentFilter' to: [/*]
2017-06-08 12:28:19.890  INFO 11404 --- [localhost-startStop-1] o.s.b.w.servlet.FilterRegistrationBean   : Mapping filter: 'requestContextFilter' to: [/*]
2017-06-08 12:28:20.710  INFO 11404 --- [main] s.w.s.m.m.a.RequestMappingHandlerAdapter : Looking for @ControllerAdvice: org.springframework.boot.context.embedded.AnnotationConfigEmbeddedWebApplicationContext@54227100: startup date [Thu Jun 08 12:28:17 CST 2017]; parent: org.springframework.context.annotation.AnnotationConfigApplicationContext@2ab4bc72
2017-06-08 12:28:20.824  INFO 11404 --- [main] s.w.s.m.m.a.RequestMappingHandlerMapping : Mapped "{[]}" onto public java.lang.String test.web.HelloController.home()
2017-06-08 12:28:20.826  WARN 11404 --- [main] ationConfigEmbeddedWebApplicationContext : Exception encountered during context initialization - cancelling refresh attempt: org.springframework.beans.factory.BeanCreationException: Error creating bean with name 'requestMappingHandlerMapping' defined in class path resource [org/springframework/boot/autoconfigure/web/WebMvcAutoConfiguration$EnableWebMvcConfiguration.class]: Invocation of init method failed; nested exception is java.lang.IllegalStateException: Ambiguous mapping. Cannot map 'helloController' method 
public java.lang.String test.web.HelloController.hello(java.lang.String)
to {[]}: There is already 'helloController' bean method
public java.lang.String test.web.HelloController.home() mapped.
2017-06-08 12:28:20.851  INFO 11404 --- [main] o.apache.catalina.core.StandardService   : Stopping service Tomcat
2017-06-08 12:28:20.970  INFO 11404 --- [main] utoConfigurationReportLoggingInitializer : 

Error starting ApplicationContext. To display the auto-configuration report re-run your application with 'debug' enabled.
2017-06-08 12:28:20.975 ERROR 11404 --- [main] o.s.boot.SpringApplication               : Application startup failed

org.springframework.beans.factory.BeanCreationException: Error creating bean with name 'requestMappingHandlerMapping' defined in class path resource [org/springframework/boot/autoconfigure/web/WebMvcAutoConfiguration$EnableWebMvcConfiguration.class]: Invocation of init method failed; nested exception is java.lang.IllegalStateException: Ambiguous mapping. Cannot map 'helloController' method 
public java.lang.String test.web.HelloController.hello(java.lang.String)
to {[]}: There is already 'helloController' bean method
public java.lang.String test.web.HelloController.home() mapped.
	at org.springframework.beans.factory.support.AbstractAutowireCapableBeanFactory.initializeBean(AbstractAutowireCapableBeanFactory.java:1628)
	at org.springframework.beans.factory.support.AbstractAutowireCapableBeanFactory.doCreateBean(AbstractAutowireCapableBeanFactory.java:555)
	at org.springframework.beans.factory.support.AbstractAutowireCapableBeanFactory.createBean(AbstractAutowireCapableBeanFactory.java:483)
	at org.springframework.beans.factory.support.AbstractBeanFactory$1.getObject(AbstractBeanFactory.java:306)
	at org.springframework.beans.factory.support.DefaultSingletonBeanRegistry.getSingleton(DefaultSingletonBeanRegistry.java:230)
	at org.springframework.beans.factory.support.AbstractBeanFactory.doGetBean(AbstractBeanFactory.java:302)
	at org.springframework.beans.factory.support.AbstractBeanFactory.getBean(AbstractBeanFactory.java:197)
	at org.springframework.beans.factory.support.DefaultListableBeanFactory.preInstantiateSingletons(DefaultListableBeanFactory.java:761)
	at org.springframework.context.support.AbstractApplicationContext.finishBeanFactoryInitialization(AbstractApplicationContext.java:866)
	at org.springframework.context.support.AbstractApplicationContext.refresh(AbstractApplicationContext.java:542)
	at org.springframework.boot.context.embedded.EmbeddedWebApplicationContext.refresh(EmbeddedWebApplicationContext.java:122)
	at org.springframework.boot.SpringApplication.refresh(SpringApplication.java:762)
	at org.springframework.boot.SpringApplication.refreshContext(SpringApplication.java:372)
	at org.springframework.boot.SpringApplication.run(SpringApplication.java:316)
	at org.springframework.boot.SpringApplication.run(SpringApplication.java:1187)
	at org.springframework.boot.SpringApplication.run(SpringApplication.java:1176)
	at test.Application.main(Application.java:15)
	at sun.reflect.NativeMethodAccessorImpl.invoke0(Native Method)
	at sun.reflect.NativeMethodAccessorImpl.invoke(NativeMethodAccessorImpl.java:62)
	at sun.reflect.DelegatingMethodAccessorImpl.invoke(DelegatingMethodAccessorImpl.java:43)
	at java.lang.reflect.Method.invoke(Method.java:497)
	at com.intellij.rt.execution.application.AppMain.main(AppMain.java:147)
Caused by: java.lang.IllegalStateException: Ambiguous mapping. Cannot map 'helloController' method 
public java.lang.String test.web.HelloController.hello(java.lang.String)
to {[]}: There is already 'helloController' bean method
public java.lang.String test.web.HelloController.home() mapped.
	at org.springframework.web.servlet.handler.AbstractHandlerMethodMapping$MappingRegistry.assertUniqueMethodMapping(AbstractHandlerMethodMapping.java:576)
	at org.springframework.web.servlet.handler.AbstractHandlerMethodMapping$MappingRegistry.register(AbstractHandlerMethodMapping.java:540)
	at org.springframework.web.servlet.handler.AbstractHandlerMethodMapping.registerHandlerMethod(AbstractHandlerMethodMapping.java:264)
	at org.springframework.web.servlet.handler.AbstractHandlerMethodMapping.detectHandlerMethods(AbstractHandlerMethodMapping.java:250)
	at org.springframework.web.servlet.handler.AbstractHandlerMethodMapping.initHandlerMethods(AbstractHandlerMethodMapping.java:214)
	at org.springframework.web.servlet.handler.AbstractHandlerMethodMapping.afterPropertiesSet(AbstractHandlerMethodMapping.java:184)
	at org.springframework.web.servlet.mvc.method.annotation.RequestMappingHandlerMapping.afterPropertiesSet(RequestMappingHandlerMapping.java:127)
	at org.springframework.beans.factory.support.AbstractAutowireCapableBeanFactory.invokeInitMethods(AbstractAutowireCapableBeanFactory.java:1687)
	at org.springframework.beans.factory.support.AbstractAutowireCapableBeanFactory.initializeBean(AbstractAutowireCapableBeanFactory.java:1624)
	... 21 common frames omitted

2017-06-08 12:30:16.199  INFO 9660 --- [main] s.c.a.AnnotationConfigApplicationContext : Refreshing org.springframework.context.annotation.AnnotationConfigApplicationContext@2ab4bc72: startup date [Thu Jun 08 12:30:16 CST 2017]; root of context hierarchy
2017-06-08 12:30:16.594  INFO 9660 --- [main] f.a.AutowiredAnnotationBeanPostProcessor : JSR-330 'javax.inject.Inject' annotation found and supported for autowiring
2017-06-08 12:30:16.641  INFO 9660 --- [main] trationDelegate$BeanPostProcessorChecker : Bean 'configurationPropertiesRebinderAutoConfiguration' of type [org.springframework.cloud.autoconfigure.ConfigurationPropertiesRebinderAutoConfiguration$$EnhancerBySpringCGLIB$$9f44b326] is not eligible for getting processed by all BeanPostProcessors (for example: not eligible for auto-proxying)
2017-06-08 12:30:17.410  INFO 9660 --- [main] c.c.c.ConfigServicePropertySourceLocator : Fetching config from server at: http://192.168.10.101:30504
2017-06-08 12:30:23.906  INFO 9660 --- [main] c.c.c.ConfigServicePropertySourceLocator : Located environment: name=hello-server, profiles=[test], label=master, version=e7ade3e2dbe2ed2789b918803e7b4ee5f12e2c79, state=null
2017-06-08 12:30:23.907  INFO 9660 --- [main] b.c.PropertySourceBootstrapConfiguration : Located property source: CompositePropertySource [name='configService', propertySources=[MapPropertySource [name='configClient'], MapPropertySource [name='http://192.168.10.100:8000/test/config-repo.git/test/application.yml']]]
2017-06-08 12:30:25.201  INFO 9660 --- [main] test.Application                         : The following profiles are active: test
2017-06-08 12:30:25.217  INFO 9660 --- [main] ationConfigEmbeddedWebApplicationContext : Refreshing org.springframework.boot.context.embedded.AnnotationConfigEmbeddedWebApplicationContext@54227100: startup date [Thu Jun 08 12:30:25 CST 2017]; parent: org.springframework.context.annotation.AnnotationConfigApplicationContext@2ab4bc72
2017-06-08 12:30:26.196  INFO 9660 --- [main] o.s.cloud.context.scope.GenericScope     : BeanFactory id=8d5c8199-58f6-3c69-b7f2-98b12de6f8ae
2017-06-08 12:30:26.218  INFO 9660 --- [main] f.a.AutowiredAnnotationBeanPostProcessor : JSR-330 'javax.inject.Inject' annotation found and supported for autowiring
2017-06-08 12:30:26.254  INFO 9660 --- [main] trationDelegate$BeanPostProcessorChecker : Bean 'org.springframework.cloud.autoconfigure.ConfigurationPropertiesRebinderAutoConfiguration' of type [org.springframework.cloud.autoconfigure.ConfigurationPropertiesRebinderAutoConfiguration$$EnhancerBySpringCGLIB$$9f44b326] is not eligible for getting processed by all BeanPostProcessors (for example: not eligible for auto-proxying)
2017-06-08 12:30:27.024  INFO 9660 --- [main] s.b.c.e.t.TomcatEmbeddedServletContainer : Tomcat initialized with port(s): 8080 (http)
2017-06-08 12:30:27.042  INFO 9660 --- [main] o.apache.catalina.core.StandardService   : Starting service Tomcat
2017-06-08 12:30:27.043  INFO 9660 --- [main] org.apache.catalina.core.StandardEngine  : Starting Servlet Engine: Apache Tomcat/8.5.11
2017-06-08 12:30:27.261  INFO 9660 --- [localhost-startStop-1] o.a.c.c.C.[Tomcat].[localhost].[/]       : Initializing Spring embedded WebApplicationContext
2017-06-08 12:30:27.261  INFO 9660 --- [localhost-startStop-1] o.s.web.context.ContextLoader            : Root WebApplicationContext: initialization completed in 2044 ms
2017-06-08 12:30:27.521  INFO 9660 --- [localhost-startStop-1] o.s.b.w.servlet.ServletRegistrationBean  : Mapping servlet: 'dispatcherServlet' to [/]
2017-06-08 12:30:27.530  INFO 9660 --- [localhost-startStop-1] o.s.b.w.servlet.FilterRegistrationBean   : Mapping filter: 'characterEncodingFilter' to: [/*]
2017-06-08 12:30:27.531  INFO 9660 --- [localhost-startStop-1] o.s.b.w.servlet.FilterRegistrationBean   : Mapping filter: 'hiddenHttpMethodFilter' to: [/*]
2017-06-08 12:30:27.531  INFO 9660 --- [localhost-startStop-1] o.s.b.w.servlet.FilterRegistrationBean   : Mapping filter: 'httpPutFormContentFilter' to: [/*]
2017-06-08 12:30:27.532  INFO 9660 --- [localhost-startStop-1] o.s.b.w.servlet.FilterRegistrationBean   : Mapping filter: 'requestContextFilter' to: [/*]
2017-06-08 12:30:28.821  INFO 9660 --- [main] s.w.s.m.m.a.RequestMappingHandlerAdapter : Looking for @ControllerAdvice: org.springframework.boot.context.embedded.AnnotationConfigEmbeddedWebApplicationContext@54227100: startup date [Thu Jun 08 12:30:25 CST 2017]; parent: org.springframework.context.annotation.AnnotationConfigApplicationContext@2ab4bc72
2017-06-08 12:30:28.918  INFO 9660 --- [main] s.w.s.m.m.a.RequestMappingHandlerMapping : Mapped "{[]}" onto public java.lang.String test.web.HelloController.hello(java.lang.String)
2017-06-08 12:30:28.921  WARN 9660 --- [main] ationConfigEmbeddedWebApplicationContext : Exception encountered during context initialization - cancelling refresh attempt: org.springframework.beans.factory.BeanCreationException: Error creating bean with name 'requestMappingHandlerMapping' defined in class path resource [org/springframework/boot/autoconfigure/web/WebMvcAutoConfiguration$EnableWebMvcConfiguration.class]: Invocation of init method failed; nested exception is java.lang.IllegalStateException: Ambiguous mapping. Cannot map 'helloController' method 
public java.lang.String test.web.HelloController.home()
to {[]}: There is already 'helloController' bean method
public java.lang.String test.web.HelloController.hello(java.lang.String) mapped.
2017-06-08 12:30:28.923  INFO 9660 --- [main] o.apache.catalina.core.StandardService   : Stopping service Tomcat
2017-06-08 12:30:28.940  INFO 9660 --- [main] utoConfigurationReportLoggingInitializer : 

Error starting ApplicationContext. To display the auto-configuration report re-run your application with 'debug' enabled.
2017-06-08 12:30:28.952 ERROR 9660 --- [main] o.s.boot.SpringApplication               : Application startup failed

org.springframework.beans.factory.BeanCreationException: Error creating bean with name 'requestMappingHandlerMapping' defined in class path resource [org/springframework/boot/autoconfigure/web/WebMvcAutoConfiguration$EnableWebMvcConfiguration.class]: Invocation of init method failed; nested exception is java.lang.IllegalStateException: Ambiguous mapping. Cannot map 'helloController' method 
public java.lang.String test.web.HelloController.home()
to {[]}: There is already 'helloController' bean method
public java.lang.String test.web.HelloController.hello(java.lang.String) mapped.
	at org.springframework.beans.factory.support.AbstractAutowireCapableBeanFactory.initializeBean(AbstractAutowireCapableBeanFactory.java:1628)
	at org.springframework.beans.factory.support.AbstractAutowireCapableBeanFactory.doCreateBean(AbstractAutowireCapableBeanFactory.java:555)
	at org.springframework.beans.factory.support.AbstractAutowireCapableBeanFactory.createBean(AbstractAutowireCapableBeanFactory.java:483)
	at org.springframework.beans.factory.support.AbstractBeanFactory$1.getObject(AbstractBeanFactory.java:306)
	at org.springframework.beans.factory.support.DefaultSingletonBeanRegistry.getSingleton(DefaultSingletonBeanRegistry.java:230)
	at org.springframework.beans.factory.support.AbstractBeanFactory.doGetBean(AbstractBeanFactory.java:302)
	at org.springframework.beans.factory.support.AbstractBeanFactory.getBean(AbstractBeanFactory.java:197)
	at org.springframework.beans.factory.support.DefaultListableBeanFactory.preInstantiateSingletons(DefaultListableBeanFactory.java:761)
	at org.springframework.context.support.AbstractApplicationContext.finishBeanFactoryInitialization(AbstractApplicationContext.java:866)
	at org.springframework.context.support.AbstractApplicationContext.refresh(AbstractApplicationContext.java:542)
	at org.springframework.boot.context.embedded.EmbeddedWebApplicationContext.refresh(EmbeddedWebApplicationContext.java:122)
	at org.springframework.boot.SpringApplication.refresh(SpringApplication.java:762)
	at org.springframework.boot.SpringApplication.refreshContext(SpringApplication.java:372)
	at org.springframework.boot.SpringApplication.run(SpringApplication.java:316)
	at org.springframework.boot.SpringApplication.run(SpringApplication.java:1187)
	at org.springframework.boot.SpringApplication.run(SpringApplication.java:1176)
	at test.Application.main(Application.java:15)
	at sun.reflect.NativeMethodAccessorImpl.invoke0(Native Method)
	at sun.reflect.NativeMethodAccessorImpl.invoke(NativeMethodAccessorImpl.java:62)
	at sun.reflect.DelegatingMethodAccessorImpl.invoke(DelegatingMethodAccessorImpl.java:43)
	at java.lang.reflect.Method.invoke(Method.java:497)
	at com.intellij.rt.execution.application.AppMain.main(AppMain.java:147)
Caused by: java.lang.IllegalStateException: Ambiguous mapping. Cannot map 'helloController' method 
public java.lang.String test.web.HelloController.home()
to {[]}: There is already 'helloController' bean method
public java.lang.String test.web.HelloController.hello(java.lang.String) mapped.
	at org.springframework.web.servlet.handler.AbstractHandlerMethodMapping$MappingRegistry.assertUniqueMethodMapping(AbstractHandlerMethodMapping.java:576)
	at org.springframework.web.servlet.handler.AbstractHandlerMethodMapping$MappingRegistry.register(AbstractHandlerMethodMapping.java:540)
	at org.springframework.web.servlet.handler.AbstractHandlerMethodMapping.registerHandlerMethod(AbstractHandlerMethodMapping.java:264)
	at org.springframework.web.servlet.handler.AbstractHandlerMethodMapping.detectHandlerMethods(AbstractHandlerMethodMapping.java:250)
	at org.springframework.web.servlet.handler.AbstractHandlerMethodMapping.initHandlerMethods(AbstractHandlerMethodMapping.java:214)
	at org.springframework.web.servlet.handler.AbstractHandlerMethodMapping.afterPropertiesSet(AbstractHandlerMethodMapping.java:184)
	at org.springframework.web.servlet.mvc.method.annotation.RequestMappingHandlerMapping.afterPropertiesSet(RequestMappingHandlerMapping.java:127)
	at org.springframework.beans.factory.support.AbstractAutowireCapableBeanFactory.invokeInitMethods(AbstractAutowireCapableBeanFactory.java:1687)
	at org.springframework.beans.factory.support.AbstractAutowireCapableBeanFactory.initializeBean(AbstractAutowireCapableBeanFactory.java:1624)
	... 21 common frames omitted

2017-06-08 12:31:45.031  INFO 10144 --- [main] s.c.a.AnnotationConfigApplicationContext : Refreshing org.springframework.context.annotation.AnnotationConfigApplicationContext@2ab4bc72: startup date [Thu Jun 08 12:31:45 CST 2017]; root of context hierarchy
2017-06-08 12:31:45.373  INFO 10144 --- [main] f.a.AutowiredAnnotationBeanPostProcessor : JSR-330 'javax.inject.Inject' annotation found and supported for autowiring
2017-06-08 12:31:45.409  INFO 10144 --- [main] trationDelegate$BeanPostProcessorChecker : Bean 'configurationPropertiesRebinderAutoConfiguration' of type [org.springframework.cloud.autoconfigure.ConfigurationPropertiesRebinderAutoConfiguration$$EnhancerBySpringCGLIB$$9f44b326] is not eligible for getting processed by all BeanPostProcessors (for example: not eligible for auto-proxying)
2017-06-08 12:31:45.960  INFO 10144 --- [main] c.c.c.ConfigServicePropertySourceLocator : Fetching config from server at: http://192.168.10.101:30504
2017-06-08 12:31:54.244  INFO 10144 --- [main] c.c.c.ConfigServicePropertySourceLocator : Located environment: name=hello-server, profiles=[test], label=master, version=e7ade3e2dbe2ed2789b918803e7b4ee5f12e2c79, state=null
2017-06-08 12:31:54.245  INFO 10144 --- [main] b.c.PropertySourceBootstrapConfiguration : Located property source: CompositePropertySource [name='configService', propertySources=[MapPropertySource [name='configClient'], MapPropertySource [name='http://192.168.10.100:8000/test/config-repo.git/test/application.yml']]]
2017-06-08 12:31:54.301  INFO 10144 --- [main] test.Application                         : The following profiles are active: test
2017-06-08 12:31:54.310  INFO 10144 --- [main] ationConfigEmbeddedWebApplicationContext : Refreshing org.springframework.boot.context.embedded.AnnotationConfigEmbeddedWebApplicationContext@54227100: startup date [Thu Jun 08 12:31:54 CST 2017]; parent: org.springframework.context.annotation.AnnotationConfigApplicationContext@2ab4bc72
2017-06-08 12:31:55.373  INFO 10144 --- [main] o.s.cloud.context.scope.GenericScope     : BeanFactory id=8d5c8199-58f6-3c69-b7f2-98b12de6f8ae
2017-06-08 12:31:55.394  INFO 10144 --- [main] f.a.AutowiredAnnotationBeanPostProcessor : JSR-330 'javax.inject.Inject' annotation found and supported for autowiring
2017-06-08 12:31:55.433  INFO 10144 --- [main] trationDelegate$BeanPostProcessorChecker : Bean 'org.springframework.cloud.autoconfigure.ConfigurationPropertiesRebinderAutoConfiguration' of type [org.springframework.cloud.autoconfigure.ConfigurationPropertiesRebinderAutoConfiguration$$EnhancerBySpringCGLIB$$9f44b326] is not eligible for getting processed by all BeanPostProcessors (for example: not eligible for auto-proxying)
2017-06-08 12:31:56.116  INFO 10144 --- [main] s.b.c.e.t.TomcatEmbeddedServletContainer : Tomcat initialized with port(s): 8080 (http)
2017-06-08 12:31:56.128  INFO 10144 --- [main] o.apache.catalina.core.StandardService   : Starting service Tomcat
2017-06-08 12:31:56.129  INFO 10144 --- [main] org.apache.catalina.core.StandardEngine  : Starting Servlet Engine: Apache Tomcat/8.5.11
2017-06-08 12:31:56.311  INFO 10144 --- [localhost-startStop-1] o.a.c.c.C.[Tomcat].[localhost].[/]       : Initializing Spring embedded WebApplicationContext
2017-06-08 12:31:56.313  INFO 10144 --- [localhost-startStop-1] o.s.web.context.ContextLoader            : Root WebApplicationContext: initialization completed in 2003 ms
2017-06-08 12:31:56.545  INFO 10144 --- [localhost-startStop-1] o.s.b.w.servlet.ServletRegistrationBean  : Mapping servlet: 'dispatcherServlet' to [/]
2017-06-08 12:31:56.552  INFO 10144 --- [localhost-startStop-1] o.s.b.w.servlet.FilterRegistrationBean   : Mapping filter: 'characterEncodingFilter' to: [/*]
2017-06-08 12:31:56.553  INFO 10144 --- [localhost-startStop-1] o.s.b.w.servlet.FilterRegistrationBean   : Mapping filter: 'hiddenHttpMethodFilter' to: [/*]
2017-06-08 12:31:56.553  INFO 10144 --- [localhost-startStop-1] o.s.b.w.servlet.FilterRegistrationBean   : Mapping filter: 'httpPutFormContentFilter' to: [/*]
2017-06-08 12:31:56.553  INFO 10144 --- [localhost-startStop-1] o.s.b.w.servlet.FilterRegistrationBean   : Mapping filter: 'requestContextFilter' to: [/*]
2017-06-08 12:31:57.455  INFO 10144 --- [main] s.w.s.m.m.a.RequestMappingHandlerAdapter : Looking for @ControllerAdvice: org.springframework.boot.context.embedded.AnnotationConfigEmbeddedWebApplicationContext@54227100: startup date [Thu Jun 08 12:31:54 CST 2017]; parent: org.springframework.context.annotation.AnnotationConfigApplicationContext@2ab4bc72
2017-06-08 12:31:57.553  INFO 10144 --- [main] s.w.s.m.m.a.RequestMappingHandlerMapping : Mapped "{[]}" onto public java.lang.String test.web.HelloController.serverName()
2017-06-08 12:31:57.555  WARN 10144 --- [main] ationConfigEmbeddedWebApplicationContext : Exception encountered during context initialization - cancelling refresh attempt: org.springframework.beans.factory.BeanCreationException: Error creating bean with name 'requestMappingHandlerMapping' defined in class path resource [org/springframework/boot/autoconfigure/web/WebMvcAutoConfiguration$EnableWebMvcConfiguration.class]: Invocation of init method failed; nested exception is java.lang.IllegalStateException: Ambiguous mapping. Cannot map 'helloController' method 
public java.lang.String test.web.HelloController.hello(java.lang.String)
to {[]}: There is already 'helloController' bean method
public java.lang.String test.web.HelloController.serverName() mapped.
2017-06-08 12:31:57.557  INFO 10144 --- [main] o.apache.catalina.core.StandardService   : Stopping service Tomcat
2017-06-08 12:31:57.575  INFO 10144 --- [main] utoConfigurationReportLoggingInitializer : 

Error starting ApplicationContext. To display the auto-configuration report re-run your application with 'debug' enabled.
2017-06-08 12:31:57.582 ERROR 10144 --- [main] o.s.boot.SpringApplication               : Application startup failed

org.springframework.beans.factory.BeanCreationException: Error creating bean with name 'requestMappingHandlerMapping' defined in class path resource [org/springframework/boot/autoconfigure/web/WebMvcAutoConfiguration$EnableWebMvcConfiguration.class]: Invocation of init method failed; nested exception is java.lang.IllegalStateException: Ambiguous mapping. Cannot map 'helloController' method 
public java.lang.String test.web.HelloController.hello(java.lang.String)
to {[]}: There is already 'helloController' bean method
public java.lang.String test.web.HelloController.serverName() mapped.
	at org.springframework.beans.factory.support.AbstractAutowireCapableBeanFactory.initializeBean(AbstractAutowireCapableBeanFactory.java:1628)
	at org.springframework.beans.factory.support.AbstractAutowireCapableBeanFactory.doCreateBean(AbstractAutowireCapableBeanFactory.java:555)
	at org.springframework.beans.factory.support.AbstractAutowireCapableBeanFactory.createBean(AbstractAutowireCapableBeanFactory.java:483)
	at org.springframework.beans.factory.support.AbstractBeanFactory$1.getObject(AbstractBeanFactory.java:306)
	at org.springframework.beans.factory.support.DefaultSingletonBeanRegistry.getSingleton(DefaultSingletonBeanRegistry.java:230)
	at org.springframework.beans.factory.support.AbstractBeanFactory.doGetBean(AbstractBeanFactory.java:302)
	at org.springframework.beans.factory.support.AbstractBeanFactory.getBean(AbstractBeanFactory.java:197)
	at org.springframework.beans.factory.support.DefaultListableBeanFactory.preInstantiateSingletons(DefaultListableBeanFactory.java:761)
	at org.springframework.context.support.AbstractApplicationContext.finishBeanFactoryInitialization(AbstractApplicationContext.java:866)
	at org.springframework.context.support.AbstractApplicationContext.refresh(AbstractApplicationContext.java:542)
	at org.springframework.boot.context.embedded.EmbeddedWebApplicationContext.refresh(EmbeddedWebApplicationContext.java:122)
	at org.springframework.boot.SpringApplication.refresh(SpringApplication.java:762)
	at org.springframework.boot.SpringApplication.refreshContext(SpringApplication.java:372)
	at org.springframework.boot.SpringApplication.run(SpringApplication.java:316)
	at org.springframework.boot.SpringApplication.run(SpringApplication.java:1187)
	at org.springframework.boot.SpringApplication.run(SpringApplication.java:1176)
	at test.Application.main(Application.java:15)
	at sun.reflect.NativeMethodAccessorImpl.invoke0(Native Method)
	at sun.reflect.NativeMethodAccessorImpl.invoke(NativeMethodAccessorImpl.java:62)
	at sun.reflect.DelegatingMethodAccessorImpl.invoke(DelegatingMethodAccessorImpl.java:43)
	at java.lang.reflect.Method.invoke(Method.java:497)
	at com.intellij.rt.execution.application.AppMain.main(AppMain.java:147)
Caused by: java.lang.IllegalStateException: Ambiguous mapping. Cannot map 'helloController' method 
public java.lang.String test.web.HelloController.hello(java.lang.String)
to {[]}: There is already 'helloController' bean method
public java.lang.String test.web.HelloController.serverName() mapped.
	at org.springframework.web.servlet.handler.AbstractHandlerMethodMapping$MappingRegistry.assertUniqueMethodMapping(AbstractHandlerMethodMapping.java:576)
	at org.springframework.web.servlet.handler.AbstractHandlerMethodMapping$MappingRegistry.register(AbstractHandlerMethodMapping.java:540)
	at org.springframework.web.servlet.handler.AbstractHandlerMethodMapping.registerHandlerMethod(AbstractHandlerMethodMapping.java:264)
	at org.springframework.web.servlet.handler.AbstractHandlerMethodMapping.detectHandlerMethods(AbstractHandlerMethodMapping.java:250)
	at org.springframework.web.servlet.handler.AbstractHandlerMethodMapping.initHandlerMethods(AbstractHandlerMethodMapping.java:214)
	at org.springframework.web.servlet.handler.AbstractHandlerMethodMapping.afterPropertiesSet(AbstractHandlerMethodMapping.java:184)
	at org.springframework.web.servlet.mvc.method.annotation.RequestMappingHandlerMapping.afterPropertiesSet(RequestMappingHandlerMapping.java:127)
	at org.springframework.beans.factory.support.AbstractAutowireCapableBeanFactory.invokeInitMethods(AbstractAutowireCapableBeanFactory.java:1687)
	at org.springframework.beans.factory.support.AbstractAutowireCapableBeanFactory.initializeBean(AbstractAutowireCapableBeanFactory.java:1624)
	... 21 common frames omitted

2017-06-08 12:32:29.226  INFO 11700 --- [main] s.c.a.AnnotationConfigApplicationContext : Refreshing org.springframework.context.annotation.AnnotationConfigApplicationContext@2ab4bc72: startup date [Thu Jun 08 12:32:29 CST 2017]; root of context hierarchy
2017-06-08 12:32:29.656  INFO 11700 --- [main] f.a.AutowiredAnnotationBeanPostProcessor : JSR-330 'javax.inject.Inject' annotation found and supported for autowiring
2017-06-08 12:32:29.703  INFO 11700 --- [main] trationDelegate$BeanPostProcessorChecker : Bean 'configurationPropertiesRebinderAutoConfiguration' of type [org.springframework.cloud.autoconfigure.ConfigurationPropertiesRebinderAutoConfiguration$$EnhancerBySpringCGLIB$$9f44b326] is not eligible for getting processed by all BeanPostProcessors (for example: not eligible for auto-proxying)
2017-06-08 12:32:30.465  INFO 11700 --- [main] c.c.c.ConfigServicePropertySourceLocator : Fetching config from server at: http://192.168.10.101:30504
2017-06-08 12:32:32.447  INFO 11700 --- [main] c.c.c.ConfigServicePropertySourceLocator : Located environment: name=hello-server, profiles=[test], label=master, version=e7ade3e2dbe2ed2789b918803e7b4ee5f12e2c79, state=null
2017-06-08 12:32:32.449  INFO 11700 --- [main] b.c.PropertySourceBootstrapConfiguration : Located property source: CompositePropertySource [name='configService', propertySources=[MapPropertySource [name='configClient'], MapPropertySource [name='http://192.168.10.100:8000/test/config-repo.git/test/application.yml']]]
2017-06-08 12:32:32.521  INFO 11700 --- [main] test.Application                         : The following profiles are active: test
2017-06-08 12:32:32.541  INFO 11700 --- [main] ationConfigEmbeddedWebApplicationContext : Refreshing org.springframework.boot.context.embedded.AnnotationConfigEmbeddedWebApplicationContext@54227100: startup date [Thu Jun 08 12:32:32 CST 2017]; parent: org.springframework.context.annotation.AnnotationConfigApplicationContext@2ab4bc72
2017-06-08 12:32:33.378  INFO 11700 --- [main] o.s.cloud.context.scope.GenericScope     : BeanFactory id=8d5c8199-58f6-3c69-b7f2-98b12de6f8ae
2017-06-08 12:32:33.402  INFO 11700 --- [main] f.a.AutowiredAnnotationBeanPostProcessor : JSR-330 'javax.inject.Inject' annotation found and supported for autowiring
2017-06-08 12:32:33.435  INFO 11700 --- [main] trationDelegate$BeanPostProcessorChecker : Bean 'org.springframework.cloud.autoconfigure.ConfigurationPropertiesRebinderAutoConfiguration' of type [org.springframework.cloud.autoconfigure.ConfigurationPropertiesRebinderAutoConfiguration$$EnhancerBySpringCGLIB$$9f44b326] is not eligible for getting processed by all BeanPostProcessors (for example: not eligible for auto-proxying)
2017-06-08 12:32:34.147  INFO 11700 --- [main] s.b.c.e.t.TomcatEmbeddedServletContainer : Tomcat initialized with port(s): 8080 (http)
2017-06-08 12:32:34.162  INFO 11700 --- [main] o.apache.catalina.core.StandardService   : Starting service Tomcat
2017-06-08 12:32:34.164  INFO 11700 --- [main] org.apache.catalina.core.StandardEngine  : Starting Servlet Engine: Apache Tomcat/8.5.11
2017-06-08 12:32:34.408  INFO 11700 --- [localhost-startStop-1] o.a.c.c.C.[Tomcat].[localhost].[/]       : Initializing Spring embedded WebApplicationContext
2017-06-08 12:32:34.410  INFO 11700 --- [localhost-startStop-1] o.s.web.context.ContextLoader            : Root WebApplicationContext: initialization completed in 1870 ms
2017-06-08 12:32:34.675  INFO 11700 --- [localhost-startStop-1] o.s.b.w.servlet.ServletRegistrationBean  : Mapping servlet: 'dispatcherServlet' to [/]
2017-06-08 12:32:34.684  INFO 11700 --- [localhost-startStop-1] o.s.b.w.servlet.FilterRegistrationBean   : Mapping filter: 'characterEncodingFilter' to: [/*]
2017-06-08 12:32:34.686  INFO 11700 --- [localhost-startStop-1] o.s.b.w.servlet.FilterRegistrationBean   : Mapping filter: 'hiddenHttpMethodFilter' to: [/*]
2017-06-08 12:32:34.687  INFO 11700 --- [localhost-startStop-1] o.s.b.w.servlet.FilterRegistrationBean   : Mapping filter: 'httpPutFormContentFilter' to: [/*]
2017-06-08 12:32:34.688  INFO 11700 --- [localhost-startStop-1] o.s.b.w.servlet.FilterRegistrationBean   : Mapping filter: 'requestContextFilter' to: [/*]
2017-06-08 12:32:35.736  INFO 11700 --- [main] s.w.s.m.m.a.RequestMappingHandlerAdapter : Looking for @ControllerAdvice: org.springframework.boot.context.embedded.AnnotationConfigEmbeddedWebApplicationContext@54227100: startup date [Thu Jun 08 12:32:32 CST 2017]; parent: org.springframework.context.annotation.AnnotationConfigApplicationContext@2ab4bc72
2017-06-08 12:32:35.838  INFO 11700 --- [main] s.w.s.m.m.a.RequestMappingHandlerMapping : Mapped "{[]}" onto public java.lang.String test.web.HelloController.hello(java.lang.String)
2017-06-08 12:32:35.841  WARN 11700 --- [main] ationConfigEmbeddedWebApplicationContext : Exception encountered during context initialization - cancelling refresh attempt: org.springframework.beans.factory.BeanCreationException: Error creating bean with name 'requestMappingHandlerMapping' defined in class path resource [org/springframework/boot/autoconfigure/web/WebMvcAutoConfiguration$EnableWebMvcConfiguration.class]: Invocation of init method failed; nested exception is java.lang.IllegalStateException: Ambiguous mapping. Cannot map 'helloController' method 
public java.lang.String test.web.HelloController.serverName()
to {[]}: There is already 'helloController' bean method
public java.lang.String test.web.HelloController.hello(java.lang.String) mapped.
2017-06-08 12:32:35.843  INFO 11700 --- [main] o.apache.catalina.core.StandardService   : Stopping service Tomcat
2017-06-08 12:32:35.866  INFO 11700 --- [main] utoConfigurationReportLoggingInitializer : 

Error starting ApplicationContext. To display the auto-configuration report re-run your application with 'debug' enabled.
2017-06-08 12:32:35.878 ERROR 11700 --- [main] o.s.boot.SpringApplication               : Application startup failed

org.springframework.beans.factory.BeanCreationException: Error creating bean with name 'requestMappingHandlerMapping' defined in class path resource [org/springframework/boot/autoconfigure/web/WebMvcAutoConfiguration$EnableWebMvcConfiguration.class]: Invocation of init method failed; nested exception is java.lang.IllegalStateException: Ambiguous mapping. Cannot map 'helloController' method 
public java.lang.String test.web.HelloController.serverName()
to {[]}: There is already 'helloController' bean method
public java.lang.String test.web.HelloController.hello(java.lang.String) mapped.
	at org.springframework.beans.factory.support.AbstractAutowireCapableBeanFactory.initializeBean(AbstractAutowireCapableBeanFactory.java:1628)
	at org.springframework.beans.factory.support.AbstractAutowireCapableBeanFactory.doCreateBean(AbstractAutowireCapableBeanFactory.java:555)
	at org.springframework.beans.factory.support.AbstractAutowireCapableBeanFactory.createBean(AbstractAutowireCapableBeanFactory.java:483)
	at org.springframework.beans.factory.support.AbstractBeanFactory$1.getObject(AbstractBeanFactory.java:306)
	at org.springframework.beans.factory.support.DefaultSingletonBeanRegistry.getSingleton(DefaultSingletonBeanRegistry.java:230)
	at org.springframework.beans.factory.support.AbstractBeanFactory.doGetBean(AbstractBeanFactory.java:302)
	at org.springframework.beans.factory.support.AbstractBeanFactory.getBean(AbstractBeanFactory.java:197)
	at org.springframework.beans.factory.support.DefaultListableBeanFactory.preInstantiateSingletons(DefaultListableBeanFactory.java:761)
	at org.springframework.context.support.AbstractApplicationContext.finishBeanFactoryInitialization(AbstractApplicationContext.java:866)
	at org.springframework.context.support.AbstractApplicationContext.refresh(AbstractApplicationContext.java:542)
	at org.springframework.boot.context.embedded.EmbeddedWebApplicationContext.refresh(EmbeddedWebApplicationContext.java:122)
	at org.springframework.boot.SpringApplication.refresh(SpringApplication.java:762)
	at org.springframework.boot.SpringApplication.refreshContext(SpringApplication.java:372)
	at org.springframework.boot.SpringApplication.run(SpringApplication.java:316)
	at org.springframework.boot.SpringApplication.run(SpringApplication.java:1187)
	at org.springframework.boot.SpringApplication.run(SpringApplication.java:1176)
	at test.Application.main(Application.java:15)
	at sun.reflect.NativeMethodAccessorImpl.invoke0(Native Method)
	at sun.reflect.NativeMethodAccessorImpl.invoke(NativeMethodAccessorImpl.java:62)
	at sun.reflect.DelegatingMethodAccessorImpl.invoke(DelegatingMethodAccessorImpl.java:43)
	at java.lang.reflect.Method.invoke(Method.java:497)
	at com.intellij.rt.execution.application.AppMain.main(AppMain.java:147)
Caused by: java.lang.IllegalStateException: Ambiguous mapping. Cannot map 'helloController' method 
public java.lang.String test.web.HelloController.serverName()
to {[]}: There is already 'helloController' bean method
public java.lang.String test.web.HelloController.hello(java.lang.String) mapped.
	at org.springframework.web.servlet.handler.AbstractHandlerMethodMapping$MappingRegistry.assertUniqueMethodMapping(AbstractHandlerMethodMapping.java:576)
	at org.springframework.web.servlet.handler.AbstractHandlerMethodMapping$MappingRegistry.register(AbstractHandlerMethodMapping.java:540)
	at org.springframework.web.servlet.handler.AbstractHandlerMethodMapping.registerHandlerMethod(AbstractHandlerMethodMapping.java:264)
	at org.springframework.web.servlet.handler.AbstractHandlerMethodMapping.detectHandlerMethods(AbstractHandlerMethodMapping.java:250)
	at org.springframework.web.servlet.handler.AbstractHandlerMethodMapping.initHandlerMethods(AbstractHandlerMethodMapping.java:214)
	at org.springframework.web.servlet.handler.AbstractHandlerMethodMapping.afterPropertiesSet(AbstractHandlerMethodMapping.java:184)
	at org.springframework.web.servlet.mvc.method.annotation.RequestMappingHandlerMapping.afterPropertiesSet(RequestMappingHandlerMapping.java:127)
	at org.springframework.beans.factory.support.AbstractAutowireCapableBeanFactory.invokeInitMethods(AbstractAutowireCapableBeanFactory.java:1687)
	at org.springframework.beans.factory.support.AbstractAutowireCapableBeanFactory.initializeBean(AbstractAutowireCapableBeanFactory.java:1624)
	... 21 common frames omitted

2017-06-08 12:36:30.009  INFO 7592 --- [main] s.c.a.AnnotationConfigApplicationContext : Refreshing org.springframework.context.annotation.AnnotationConfigApplicationContext@2ab4bc72: startup date [Thu Jun 08 12:36:30 CST 2017]; root of context hierarchy
2017-06-08 12:36:30.412  INFO 7592 --- [main] f.a.AutowiredAnnotationBeanPostProcessor : JSR-330 'javax.inject.Inject' annotation found and supported for autowiring
2017-06-08 12:36:30.460  INFO 7592 --- [main] trationDelegate$BeanPostProcessorChecker : Bean 'configurationPropertiesRebinderAutoConfiguration' of type [org.springframework.cloud.autoconfigure.ConfigurationPropertiesRebinderAutoConfiguration$$EnhancerBySpringCGLIB$$9f44b326] is not eligible for getting processed by all BeanPostProcessors (for example: not eligible for auto-proxying)
2017-06-08 12:36:31.968  INFO 7592 --- [main] c.c.c.ConfigServicePropertySourceLocator : Fetching config from server at: http://192.168.10.101:30504
2017-06-08 12:36:45.494  INFO 7592 --- [main] c.c.c.ConfigServicePropertySourceLocator : Located environment: name=hello-server, profiles=[test], label=master, version=e7ade3e2dbe2ed2789b918803e7b4ee5f12e2c79, state=null
2017-06-08 12:36:45.495  INFO 7592 --- [main] b.c.PropertySourceBootstrapConfiguration : Located property source: CompositePropertySource [name='configService', propertySources=[MapPropertySource [name='configClient'], MapPropertySource [name='http://192.168.10.100:8000/test/config-repo.git/test/application.yml']]]
2017-06-08 12:36:45.584  INFO 7592 --- [main] test.Application                         : The following profiles are active: test
2017-06-08 12:36:45.601  INFO 7592 --- [main] ationConfigEmbeddedWebApplicationContext : Refreshing org.springframework.boot.context.embedded.AnnotationConfigEmbeddedWebApplicationContext@54227100: startup date [Thu Jun 08 12:36:45 CST 2017]; parent: org.springframework.context.annotation.AnnotationConfigApplicationContext@2ab4bc72
2017-06-08 12:36:46.515  INFO 7592 --- [main] o.s.cloud.context.scope.GenericScope     : BeanFactory id=8d5c8199-58f6-3c69-b7f2-98b12de6f8ae
2017-06-08 12:36:46.536  INFO 7592 --- [main] f.a.AutowiredAnnotationBeanPostProcessor : JSR-330 'javax.inject.Inject' annotation found and supported for autowiring
2017-06-08 12:36:46.559  INFO 7592 --- [main] trationDelegate$BeanPostProcessorChecker : Bean 'org.springframework.cloud.autoconfigure.ConfigurationPropertiesRebinderAutoConfiguration' of type [org.springframework.cloud.autoconfigure.ConfigurationPropertiesRebinderAutoConfiguration$$EnhancerBySpringCGLIB$$9f44b326] is not eligible for getting processed by all BeanPostProcessors (for example: not eligible for auto-proxying)
2017-06-08 12:36:47.579  INFO 7592 --- [main] s.b.c.e.t.TomcatEmbeddedServletContainer : Tomcat initialized with port(s): 8080 (http)
2017-06-08 12:36:47.595  INFO 7592 --- [main] o.apache.catalina.core.StandardService   : Starting service Tomcat
2017-06-08 12:36:47.597  INFO 7592 --- [main] org.apache.catalina.core.StandardEngine  : Starting Servlet Engine: Apache Tomcat/8.5.11
2017-06-08 12:36:47.796  INFO 7592 --- [localhost-startStop-1] o.a.c.c.C.[Tomcat].[localhost].[/]       : Initializing Spring embedded WebApplicationContext
2017-06-08 12:36:47.797  INFO 7592 --- [localhost-startStop-1] o.s.web.context.ContextLoader            : Root WebApplicationContext: initialization completed in 2196 ms
2017-06-08 12:36:47.996  INFO 7592 --- [localhost-startStop-1] o.s.b.w.servlet.ServletRegistrationBean  : Mapping servlet: 'dispatcherServlet' to [/]
2017-06-08 12:36:48.001  INFO 7592 --- [localhost-startStop-1] o.s.b.w.servlet.FilterRegistrationBean   : Mapping filter: 'characterEncodingFilter' to: [/*]
2017-06-08 12:36:48.002  INFO 7592 --- [localhost-startStop-1] o.s.b.w.servlet.FilterRegistrationBean   : Mapping filter: 'hiddenHttpMethodFilter' to: [/*]
2017-06-08 12:36:48.002  INFO 7592 --- [localhost-startStop-1] o.s.b.w.servlet.FilterRegistrationBean   : Mapping filter: 'httpPutFormContentFilter' to: [/*]
2017-06-08 12:36:48.003  INFO 7592 --- [localhost-startStop-1] o.s.b.w.servlet.FilterRegistrationBean   : Mapping filter: 'requestContextFilter' to: [/*]
2017-06-08 12:36:48.836  INFO 7592 --- [main] s.w.s.m.m.a.RequestMappingHandlerAdapter : Looking for @ControllerAdvice: org.springframework.boot.context.embedded.AnnotationConfigEmbeddedWebApplicationContext@54227100: startup date [Thu Jun 08 12:36:45 CST 2017]; parent: org.springframework.context.annotation.AnnotationConfigApplicationContext@2ab4bc72
2017-06-08 12:36:48.924  INFO 7592 --- [main] s.w.s.m.m.a.RequestMappingHandlerMapping : Mapped "{[]}" onto public java.lang.String test.web.HelloController.hello(java.lang.String)
2017-06-08 12:36:48.927  WARN 7592 --- [main] ationConfigEmbeddedWebApplicationContext : Exception encountered during context initialization - cancelling refresh attempt: org.springframework.beans.factory.BeanCreationException: Error creating bean with name 'requestMappingHandlerMapping' defined in class path resource [org/springframework/boot/autoconfigure/web/WebMvcAutoConfiguration$EnableWebMvcConfiguration.class]: Invocation of init method failed; nested exception is java.lang.IllegalStateException: Ambiguous mapping. Cannot map 'helloController' method 
public java.lang.Object test.web.HelloController.serverName()
to {[]}: There is already 'helloController' bean method
public java.lang.String test.web.HelloController.hello(java.lang.String) mapped.
2017-06-08 12:36:48.929  INFO 7592 --- [main] o.apache.catalina.core.StandardService   : Stopping service Tomcat
2017-06-08 12:36:48.951  INFO 7592 --- [main] utoConfigurationReportLoggingInitializer : 

Error starting ApplicationContext. To display the auto-configuration report re-run your application with 'debug' enabled.
2017-06-08 12:36:48.958 ERROR 7592 --- [main] o.s.boot.SpringApplication               : Application startup failed

org.springframework.beans.factory.BeanCreationException: Error creating bean with name 'requestMappingHandlerMapping' defined in class path resource [org/springframework/boot/autoconfigure/web/WebMvcAutoConfiguration$EnableWebMvcConfiguration.class]: Invocation of init method failed; nested exception is java.lang.IllegalStateException: Ambiguous mapping. Cannot map 'helloController' method 
public java.lang.Object test.web.HelloController.serverName()
to {[]}: There is already 'helloController' bean method
public java.lang.String test.web.HelloController.hello(java.lang.String) mapped.
	at org.springframework.beans.factory.support.AbstractAutowireCapableBeanFactory.initializeBean(AbstractAutowireCapableBeanFactory.java:1628)
	at org.springframework.beans.factory.support.AbstractAutowireCapableBeanFactory.doCreateBean(AbstractAutowireCapableBeanFactory.java:555)
	at org.springframework.beans.factory.support.AbstractAutowireCapableBeanFactory.createBean(AbstractAutowireCapableBeanFactory.java:483)
	at org.springframework.beans.factory.support.AbstractBeanFactory$1.getObject(AbstractBeanFactory.java:306)
	at org.springframework.beans.factory.support.DefaultSingletonBeanRegistry.getSingleton(DefaultSingletonBeanRegistry.java:230)
	at org.springframework.beans.factory.support.AbstractBeanFactory.doGetBean(AbstractBeanFactory.java:302)
	at org.springframework.beans.factory.support.AbstractBeanFactory.getBean(AbstractBeanFactory.java:197)
	at org.springframework.beans.factory.support.DefaultListableBeanFactory.preInstantiateSingletons(DefaultListableBeanFactory.java:761)
	at org.springframework.context.support.AbstractApplicationContext.finishBeanFactoryInitialization(AbstractApplicationContext.java:866)
	at org.springframework.context.support.AbstractApplicationContext.refresh(AbstractApplicationContext.java:542)
	at org.springframework.boot.context.embedded.EmbeddedWebApplicationContext.refresh(EmbeddedWebApplicationContext.java:122)
	at org.springframework.boot.SpringApplication.refresh(SpringApplication.java:762)
	at org.springframework.boot.SpringApplication.refreshContext(SpringApplication.java:372)
	at org.springframework.boot.SpringApplication.run(SpringApplication.java:316)
	at org.springframework.boot.SpringApplication.run(SpringApplication.java:1187)
	at org.springframework.boot.SpringApplication.run(SpringApplication.java:1176)
	at test.Application.main(Application.java:15)
	at sun.reflect.NativeMethodAccessorImpl.invoke0(Native Method)
	at sun.reflect.NativeMethodAccessorImpl.invoke(NativeMethodAccessorImpl.java:62)
	at sun.reflect.DelegatingMethodAccessorImpl.invoke(DelegatingMethodAccessorImpl.java:43)
	at java.lang.reflect.Method.invoke(Method.java:497)
	at com.intellij.rt.execution.application.AppMain.main(AppMain.java:147)
Caused by: java.lang.IllegalStateException: Ambiguous mapping. Cannot map 'helloController' method 
public java.lang.Object test.web.HelloController.serverName()
to {[]}: There is already 'helloController' bean method
public java.lang.String test.web.HelloController.hello(java.lang.String) mapped.
	at org.springframework.web.servlet.handler.AbstractHandlerMethodMapping$MappingRegistry.assertUniqueMethodMapping(AbstractHandlerMethodMapping.java:576)
	at org.springframework.web.servlet.handler.AbstractHandlerMethodMapping$MappingRegistry.register(AbstractHandlerMethodMapping.java:540)
	at org.springframework.web.servlet.handler.AbstractHandlerMethodMapping.registerHandlerMethod(AbstractHandlerMethodMapping.java:264)
	at org.springframework.web.servlet.handler.AbstractHandlerMethodMapping.detectHandlerMethods(AbstractHandlerMethodMapping.java:250)
	at org.springframework.web.servlet.handler.AbstractHandlerMethodMapping.initHandlerMethods(AbstractHandlerMethodMapping.java:214)
	at org.springframework.web.servlet.handler.AbstractHandlerMethodMapping.afterPropertiesSet(AbstractHandlerMethodMapping.java:184)
	at org.springframework.web.servlet.mvc.method.annotation.RequestMappingHandlerMapping.afterPropertiesSet(RequestMappingHandlerMapping.java:127)
	at org.springframework.beans.factory.support.AbstractAutowireCapableBeanFactory.invokeInitMethods(AbstractAutowireCapableBeanFactory.java:1687)
	at org.springframework.beans.factory.support.AbstractAutowireCapableBeanFactory.initializeBean(AbstractAutowireCapableBeanFactory.java:1624)
	... 21 common frames omitted

2017-06-08 12:37:23.143  INFO 6280 --- [main] s.c.a.AnnotationConfigApplicationContext : Refreshing org.springframework.context.annotation.AnnotationConfigApplicationContext@2ab4bc72: startup date [Thu Jun 08 12:37:23 CST 2017]; root of context hierarchy
2017-06-08 12:37:23.448  INFO 6280 --- [main] f.a.AutowiredAnnotationBeanPostProcessor : JSR-330 'javax.inject.Inject' annotation found and supported for autowiring
2017-06-08 12:37:23.487  INFO 6280 --- [main] trationDelegate$BeanPostProcessorChecker : Bean 'configurationPropertiesRebinderAutoConfiguration' of type [org.springframework.cloud.autoconfigure.ConfigurationPropertiesRebinderAutoConfiguration$$EnhancerBySpringCGLIB$$9f44b326] is not eligible for getting processed by all BeanPostProcessors (for example: not eligible for auto-proxying)
2017-06-08 12:37:24.130  INFO 6280 --- [main] c.c.c.ConfigServicePropertySourceLocator : Fetching config from server at: http://192.168.10.101:30504
2017-06-08 12:37:25.593  INFO 6280 --- [main] c.c.c.ConfigServicePropertySourceLocator : Located environment: name=hello-server, profiles=[test], label=master, version=e7ade3e2dbe2ed2789b918803e7b4ee5f12e2c79, state=null
2017-06-08 12:37:25.594  INFO 6280 --- [main] b.c.PropertySourceBootstrapConfiguration : Located property source: CompositePropertySource [name='configService', propertySources=[MapPropertySource [name='configClient'], MapPropertySource [name='http://192.168.10.100:8000/test/config-repo.git/test/application.yml']]]
2017-06-08 12:37:25.652  INFO 6280 --- [main] test.Application                         : The following profiles are active: test
2017-06-08 12:37:25.665  INFO 6280 --- [main] ationConfigEmbeddedWebApplicationContext : Refreshing org.springframework.boot.context.embedded.AnnotationConfigEmbeddedWebApplicationContext@54227100: startup date [Thu Jun 08 12:37:25 CST 2017]; parent: org.springframework.context.annotation.AnnotationConfigApplicationContext@2ab4bc72
2017-06-08 12:37:26.531  INFO 6280 --- [main] o.s.cloud.context.scope.GenericScope     : BeanFactory id=8d5c8199-58f6-3c69-b7f2-98b12de6f8ae
2017-06-08 12:37:26.548  INFO 6280 --- [main] f.a.AutowiredAnnotationBeanPostProcessor : JSR-330 'javax.inject.Inject' annotation found and supported for autowiring
2017-06-08 12:37:26.579  INFO 6280 --- [main] trationDelegate$BeanPostProcessorChecker : Bean 'org.springframework.cloud.autoconfigure.ConfigurationPropertiesRebinderAutoConfiguration' of type [org.springframework.cloud.autoconfigure.ConfigurationPropertiesRebinderAutoConfiguration$$EnhancerBySpringCGLIB$$9f44b326] is not eligible for getting processed by all BeanPostProcessors (for example: not eligible for auto-proxying)
2017-06-08 12:37:27.201  INFO 6280 --- [main] s.b.c.e.t.TomcatEmbeddedServletContainer : Tomcat initialized with port(s): 8080 (http)
2017-06-08 12:37:27.213  INFO 6280 --- [main] o.apache.catalina.core.StandardService   : Starting service Tomcat
2017-06-08 12:37:27.214  INFO 6280 --- [main] org.apache.catalina.core.StandardEngine  : Starting Servlet Engine: Apache Tomcat/8.5.11
2017-06-08 12:37:27.420  INFO 6280 --- [localhost-startStop-1] o.a.c.c.C.[Tomcat].[localhost].[/]       : Initializing Spring embedded WebApplicationContext
2017-06-08 12:37:27.421  INFO 6280 --- [localhost-startStop-1] o.s.web.context.ContextLoader            : Root WebApplicationContext: initialization completed in 1756 ms
2017-06-08 12:37:27.634  INFO 6280 --- [localhost-startStop-1] o.s.b.w.servlet.ServletRegistrationBean  : Mapping servlet: 'dispatcherServlet' to [/]
2017-06-08 12:37:27.643  INFO 6280 --- [localhost-startStop-1] o.s.b.w.servlet.FilterRegistrationBean   : Mapping filter: 'characterEncodingFilter' to: [/*]
2017-06-08 12:37:27.643  INFO 6280 --- [localhost-startStop-1] o.s.b.w.servlet.FilterRegistrationBean   : Mapping filter: 'hiddenHttpMethodFilter' to: [/*]
2017-06-08 12:37:27.643  INFO 6280 --- [localhost-startStop-1] o.s.b.w.servlet.FilterRegistrationBean   : Mapping filter: 'httpPutFormContentFilter' to: [/*]
2017-06-08 12:37:27.643  INFO 6280 --- [localhost-startStop-1] o.s.b.w.servlet.FilterRegistrationBean   : Mapping filter: 'requestContextFilter' to: [/*]
2017-06-08 12:37:28.723  INFO 6280 --- [main] s.w.s.m.m.a.RequestMappingHandlerAdapter : Looking for @ControllerAdvice: org.springframework.boot.context.embedded.AnnotationConfigEmbeddedWebApplicationContext@54227100: startup date [Thu Jun 08 12:37:25 CST 2017]; parent: org.springframework.context.annotation.AnnotationConfigApplicationContext@2ab4bc72
2017-06-08 12:37:28.816  INFO 6280 --- [main] s.w.s.m.m.a.RequestMappingHandlerMapping : Mapped "{[]}" onto public java.lang.String test.web.HelloController.hello(java.lang.String)
2017-06-08 12:37:28.822  INFO 6280 --- [main] s.w.s.m.m.a.RequestMappingHandlerMapping : Mapped "{[/error]}" onto public org.springframework.http.ResponseEntity<java.util.Map<java.lang.String, java.lang.Object>> org.springframework.boot.autoconfigure.web.BasicErrorController.error(javax.servlet.http.HttpServletRequest)
2017-06-08 12:37:28.823  INFO 6280 --- [main] s.w.s.m.m.a.RequestMappingHandlerMapping : Mapped "{[/error],produces=[text/html]}" onto public org.springframework.web.servlet.ModelAndView org.springframework.boot.autoconfigure.web.BasicErrorController.errorHtml(javax.servlet.http.HttpServletRequest,javax.servlet.http.HttpServletResponse)
2017-06-08 12:37:28.877  INFO 6280 --- [main] o.s.w.s.handler.SimpleUrlHandlerMapping  : Mapped URL path [/webjars/**] onto handler of type [class org.springframework.web.servlet.resource.ResourceHttpRequestHandler]
2017-06-08 12:37:28.877  INFO 6280 --- [main] o.s.w.s.handler.SimpleUrlHandlerMapping  : Mapped URL path [/**] onto handler of type [class org.springframework.web.servlet.resource.ResourceHttpRequestHandler]
2017-06-08 12:37:28.951  INFO 6280 --- [main] o.s.w.s.handler.SimpleUrlHandlerMapping  : Mapped URL path [/**/favicon.ico] onto handler of type [class org.springframework.web.servlet.resource.ResourceHttpRequestHandler]
2017-06-08 12:37:29.483  WARN 6280 --- [main] c.n.c.sources.URLConfigurationSource     : No URLs will be polled as dynamic configuration sources.
2017-06-08 12:37:29.483  INFO 6280 --- [main] c.n.c.sources.URLConfigurationSource     : To enable URLs as dynamic configuration sources, define System property archaius.configurationSource.additionalUrls or make config.properties available on classpath.
2017-06-08 12:37:29.594  WARN 6280 --- [main] c.n.c.sources.URLConfigurationSource     : No URLs will be polled as dynamic configuration sources.
2017-06-08 12:37:29.594  INFO 6280 --- [main] c.n.c.sources.URLConfigurationSource     : To enable URLs as dynamic configuration sources, define System property archaius.configurationSource.additionalUrls or make config.properties available on classpath.
2017-06-08 12:37:29.664  INFO 6280 --- [main] o.s.j.e.a.AnnotationMBeanExporter        : Registering beans for JMX exposure on startup
2017-06-08 12:37:29.675  INFO 6280 --- [main] o.s.j.e.a.AnnotationMBeanExporter        : Bean with name 'environmentManager' has been autodetected for JMX exposure
2017-06-08 12:37:29.677  INFO 6280 --- [main] o.s.j.e.a.AnnotationMBeanExporter        : Bean with name 'configurationPropertiesRebinder' has been autodetected for JMX exposure
2017-06-08 12:37:29.678  INFO 6280 --- [main] o.s.j.e.a.AnnotationMBeanExporter        : Bean with name 'refreshScope' has been autodetected for JMX exposure
2017-06-08 12:37:29.682  INFO 6280 --- [main] o.s.j.e.a.AnnotationMBeanExporter        : Located managed bean 'environmentManager': registering with JMX server as MBean [org.springframework.cloud.context.environment:name=environmentManager,type=EnvironmentManager]
2017-06-08 12:37:29.723  INFO 6280 --- [main] o.s.j.e.a.AnnotationMBeanExporter        : Located managed bean 'refreshScope': registering with JMX server as MBean [org.springframework.cloud.context.scope.refresh:name=refreshScope,type=RefreshScope]
2017-06-08 12:37:29.741  INFO 6280 --- [main] o.s.j.e.a.AnnotationMBeanExporter        : Located managed bean 'configurationPropertiesRebinder': registering with JMX server as MBean [org.springframework.cloud.context.properties:name=configurationPropertiesRebinder,context=54227100,type=ConfigurationPropertiesRebinder]
2017-06-08 12:37:29.926  INFO 6280 --- [main] o.s.c.support.DefaultLifecycleProcessor  : Starting beans in phase 0
2017-06-08 12:37:30.041  INFO 6280 --- [main] o.s.c.n.eureka.InstanceInfoFactory       : Setting initial instance status as: STARTING
2017-06-08 12:37:34.817  INFO 6280 --- [main] c.n.d.provider.DiscoveryJerseyProvider   : Using JSON encoding codec LegacyJacksonJson
2017-06-08 12:37:34.819  INFO 6280 --- [main] c.n.d.provider.DiscoveryJerseyProvider   : Using JSON decoding codec LegacyJacksonJson
2017-06-08 12:37:36.049  INFO 6280 --- [main] c.n.d.provider.DiscoveryJerseyProvider   : Using XML encoding codec XStreamXml
2017-06-08 12:37:36.049  INFO 6280 --- [main] c.n.d.provider.DiscoveryJerseyProvider   : Using XML decoding codec XStreamXml
2017-06-08 12:37:36.750  INFO 6280 --- [main] com.netflix.discovery.DiscoveryClient    : Disable delta property : false
2017-06-08 12:37:36.750  INFO 6280 --- [main] com.netflix.discovery.DiscoveryClient    : Single vip registry refresh property : null
2017-06-08 12:37:36.750  INFO 6280 --- [main] com.netflix.discovery.DiscoveryClient    : Force full registry fetch : false
2017-06-08 12:37:36.750  INFO 6280 --- [main] com.netflix.discovery.DiscoveryClient    : Application is null : false
2017-06-08 12:37:36.751  INFO 6280 --- [main] com.netflix.discovery.DiscoveryClient    : Registered Applications size is zero : true
2017-06-08 12:37:36.751  INFO 6280 --- [main] com.netflix.discovery.DiscoveryClient    : Application version is -1: true
2017-06-08 12:37:36.751  INFO 6280 --- [main] com.netflix.discovery.DiscoveryClient    : Getting all instance registry info from the eureka server
2017-06-08 12:37:37.121  INFO 6280 --- [main] com.netflix.discovery.DiscoveryClient    : The response status is 200
2017-06-08 12:37:37.122  INFO 6280 --- [main] com.netflix.discovery.DiscoveryClient    : Starting heartbeat executor: renew interval is: 10
2017-06-08 12:37:37.125  INFO 6280 --- [main] c.n.discovery.InstanceInfoReplicator     : InstanceInfoReplicator onDemand update allowed rate per min is 4
2017-06-08 12:37:37.128  INFO 6280 --- [main] com.netflix.discovery.DiscoveryClient    : Discovery Client initialized at timestamp 1496896657128 with initial instances count: 2
2017-06-08 12:37:37.166  INFO 6280 --- [main] c.n.e.EurekaDiscoveryClientConfiguration : Registering application hello-server with eureka with status UP
2017-06-08 12:37:37.169  INFO 6280 --- [main] com.netflix.discovery.DiscoveryClient    : Saw local status change event StatusChangeEvent [timestamp=1496896657168, current=UP, previous=STARTING]
2017-06-08 12:37:37.172  INFO 6280 --- [DiscoveryClient-InstanceInfoReplicator-0] com.netflix.discovery.DiscoveryClient    : DiscoveryClient_HELLO-SERVER/SUNGUOQ29.asiapacific.hpqcorp.net:hello-server: registering service...
2017-06-08 12:37:37.252  INFO 6280 --- [main] s.b.c.e.t.TomcatEmbeddedServletContainer : Tomcat started on port(s): 8080 (http)
2017-06-08 12:37:37.254  INFO 6280 --- [main] c.n.e.EurekaDiscoveryClientConfiguration : Updating port to 8080
2017-06-08 12:37:37.258  INFO 6280 --- [main] test.Application                         : Started Application in 15.261 seconds (JVM running for 15.904)
2017-06-08 12:37:37.283  INFO 6280 --- [DiscoveryClient-InstanceInfoReplicator-0] com.netflix.discovery.DiscoveryClient    : DiscoveryClient_HELLO-SERVER/SUNGUOQ29.asiapacific.hpqcorp.net:hello-server - registration status: 204
2017-06-08 12:40:34.690  INFO 12280 --- [main] s.c.a.AnnotationConfigApplicationContext : Refreshing org.springframework.context.annotation.AnnotationConfigApplicationContext@2ab4bc72: startup date [Thu Jun 08 12:40:34 CST 2017]; root of context hierarchy
2017-06-08 12:40:35.023  INFO 12280 --- [main] f.a.AutowiredAnnotationBeanPostProcessor : JSR-330 'javax.inject.Inject' annotation found and supported for autowiring
2017-06-08 12:40:35.063  INFO 12280 --- [main] trationDelegate$BeanPostProcessorChecker : Bean 'configurationPropertiesRebinderAutoConfiguration' of type [org.springframework.cloud.autoconfigure.ConfigurationPropertiesRebinderAutoConfiguration$$EnhancerBySpringCGLIB$$9f44b326] is not eligible for getting processed by all BeanPostProcessors (for example: not eligible for auto-proxying)
2017-06-08 12:40:35.846  INFO 12280 --- [main] c.c.c.ConfigServicePropertySourceLocator : Fetching config from server at: http://192.168.10.101:30504
2017-06-08 12:40:36.349  INFO 12280 --- [main] c.c.c.ConfigServicePropertySourceLocator : Located environment: name=hello-server, profiles=[test], label=master, version=e7ade3e2dbe2ed2789b918803e7b4ee5f12e2c79, state=null
2017-06-08 12:40:36.349  INFO 12280 --- [main] b.c.PropertySourceBootstrapConfiguration : Located property source: CompositePropertySource [name='configService', propertySources=[MapPropertySource [name='configClient'], MapPropertySource [name='http://192.168.10.100:8000/test/config-repo.git/test/application.yml']]]
2017-06-08 12:40:36.436  INFO 12280 --- [main] test.Application                         : The following profiles are active: test
2017-06-08 12:40:36.448  INFO 12280 --- [main] ationConfigEmbeddedWebApplicationContext : Refreshing org.springframework.boot.context.embedded.AnnotationConfigEmbeddedWebApplicationContext@54227100: startup date [Thu Jun 08 12:40:36 CST 2017]; parent: org.springframework.context.annotation.AnnotationConfigApplicationContext@2ab4bc72
2017-06-08 12:40:38.907  INFO 12280 --- [main] o.s.cloud.context.scope.GenericScope     : BeanFactory id=8d5c8199-58f6-3c69-b7f2-98b12de6f8ae
2017-06-08 12:40:38.933  INFO 12280 --- [main] f.a.AutowiredAnnotationBeanPostProcessor : JSR-330 'javax.inject.Inject' annotation found and supported for autowiring
2017-06-08 12:40:38.962  INFO 12280 --- [main] trationDelegate$BeanPostProcessorChecker : Bean 'org.springframework.cloud.autoconfigure.ConfigurationPropertiesRebinderAutoConfiguration' of type [org.springframework.cloud.autoconfigure.ConfigurationPropertiesRebinderAutoConfiguration$$EnhancerBySpringCGLIB$$9f44b326] is not eligible for getting processed by all BeanPostProcessors (for example: not eligible for auto-proxying)
2017-06-08 12:40:41.427  INFO 12280 --- [main] s.b.c.e.t.TomcatEmbeddedServletContainer : Tomcat initialized with port(s): 8080 (http)
2017-06-08 12:40:41.450  INFO 12280 --- [main] o.apache.catalina.core.StandardService   : Starting service Tomcat
2017-06-08 12:40:41.452  INFO 12280 --- [main] org.apache.catalina.core.StandardEngine  : Starting Servlet Engine: Apache Tomcat/8.5.11
2017-06-08 12:40:41.767  INFO 12280 --- [localhost-startStop-1] o.a.c.c.C.[Tomcat].[localhost].[/]       : Initializing Spring embedded WebApplicationContext
2017-06-08 12:40:41.768  INFO 12280 --- [localhost-startStop-1] o.s.web.context.ContextLoader            : Root WebApplicationContext: initialization completed in 5320 ms
2017-06-08 12:40:41.964  INFO 12280 --- [localhost-startStop-1] o.s.b.w.servlet.ServletRegistrationBean  : Mapping servlet: 'dispatcherServlet' to [/]
2017-06-08 12:40:41.968  INFO 12280 --- [localhost-startStop-1] o.s.b.w.servlet.FilterRegistrationBean   : Mapping filter: 'characterEncodingFilter' to: [/*]
2017-06-08 12:40:41.969  INFO 12280 --- [localhost-startStop-1] o.s.b.w.servlet.FilterRegistrationBean   : Mapping filter: 'hiddenHttpMethodFilter' to: [/*]
2017-06-08 12:40:41.969  INFO 12280 --- [localhost-startStop-1] o.s.b.w.servlet.FilterRegistrationBean   : Mapping filter: 'httpPutFormContentFilter' to: [/*]
2017-06-08 12:40:41.969  INFO 12280 --- [localhost-startStop-1] o.s.b.w.servlet.FilterRegistrationBean   : Mapping filter: 'requestContextFilter' to: [/*]
2017-06-08 12:40:43.432  INFO 12280 --- [main] s.w.s.m.m.a.RequestMappingHandlerAdapter : Looking for @ControllerAdvice: org.springframework.boot.context.embedded.AnnotationConfigEmbeddedWebApplicationContext@54227100: startup date [Thu Jun 08 12:40:36 CST 2017]; parent: org.springframework.context.annotation.AnnotationConfigApplicationContext@2ab4bc72
2017-06-08 12:40:43.525  INFO 12280 --- [main] s.w.s.m.m.a.RequestMappingHandlerMapping : Mapped "{[/hello]}" onto public java.lang.String test.web.HelloController.hello(java.lang.String)
2017-06-08 12:40:43.526  INFO 12280 --- [main] s.w.s.m.m.a.RequestMappingHandlerMapping : Mapped "{[/]}" onto public java.lang.String test.web.HelloController.home()
2017-06-08 12:40:43.528  INFO 12280 --- [main] s.w.s.m.m.a.RequestMappingHandlerMapping : Mapped "{[/error]}" onto public org.springframework.http.ResponseEntity<java.util.Map<java.lang.String, java.lang.Object>> org.springframework.boot.autoconfigure.web.BasicErrorController.error(javax.servlet.http.HttpServletRequest)
2017-06-08 12:40:43.529  INFO 12280 --- [main] s.w.s.m.m.a.RequestMappingHandlerMapping : Mapped "{[/error],produces=[text/html]}" onto public org.springframework.web.servlet.ModelAndView org.springframework.boot.autoconfigure.web.BasicErrorController.errorHtml(javax.servlet.http.HttpServletRequest,javax.servlet.http.HttpServletResponse)
2017-06-08 12:40:43.566  INFO 12280 --- [main] o.s.w.s.handler.SimpleUrlHandlerMapping  : Mapped URL path [/webjars/**] onto handler of type [class org.springframework.web.servlet.resource.ResourceHttpRequestHandler]
2017-06-08 12:40:43.567  INFO 12280 --- [main] o.s.w.s.handler.SimpleUrlHandlerMapping  : Mapped URL path [/**] onto handler of type [class org.springframework.web.servlet.resource.ResourceHttpRequestHandler]
2017-06-08 12:40:43.616  INFO 12280 --- [main] o.s.w.s.handler.SimpleUrlHandlerMapping  : Mapped URL path [/**/favicon.ico] onto handler of type [class org.springframework.web.servlet.resource.ResourceHttpRequestHandler]
2017-06-08 12:40:43.971  WARN 12280 --- [main] c.n.c.sources.URLConfigurationSource     : No URLs will be polled as dynamic configuration sources.
2017-06-08 12:40:43.971  INFO 12280 --- [main] c.n.c.sources.URLConfigurationSource     : To enable URLs as dynamic configuration sources, define System property archaius.configurationSource.additionalUrls or make config.properties available on classpath.
2017-06-08 12:40:43.983  WARN 12280 --- [main] c.n.c.sources.URLConfigurationSource     : No URLs will be polled as dynamic configuration sources.
2017-06-08 12:40:43.983  INFO 12280 --- [main] c.n.c.sources.URLConfigurationSource     : To enable URLs as dynamic configuration sources, define System property archaius.configurationSource.additionalUrls or make config.properties available on classpath.
2017-06-08 12:40:44.056  INFO 12280 --- [main] o.s.j.e.a.AnnotationMBeanExporter        : Registering beans for JMX exposure on startup
2017-06-08 12:40:44.066  INFO 12280 --- [main] o.s.j.e.a.AnnotationMBeanExporter        : Bean with name 'environmentManager' has been autodetected for JMX exposure
2017-06-08 12:40:44.067  INFO 12280 --- [main] o.s.j.e.a.AnnotationMBeanExporter        : Bean with name 'configurationPropertiesRebinder' has been autodetected for JMX exposure
2017-06-08 12:40:44.069  INFO 12280 --- [main] o.s.j.e.a.AnnotationMBeanExporter        : Bean with name 'refreshScope' has been autodetected for JMX exposure
2017-06-08 12:40:44.071  INFO 12280 --- [main] o.s.j.e.a.AnnotationMBeanExporter        : Located managed bean 'environmentManager': registering with JMX server as MBean [org.springframework.cloud.context.environment:name=environmentManager,type=EnvironmentManager]
2017-06-08 12:40:44.114  INFO 12280 --- [main] o.s.j.e.a.AnnotationMBeanExporter        : Located managed bean 'refreshScope': registering with JMX server as MBean [org.springframework.cloud.context.scope.refresh:name=refreshScope,type=RefreshScope]
2017-06-08 12:40:44.131  INFO 12280 --- [main] o.s.j.e.a.AnnotationMBeanExporter        : Located managed bean 'configurationPropertiesRebinder': registering with JMX server as MBean [org.springframework.cloud.context.properties:name=configurationPropertiesRebinder,context=54227100,type=ConfigurationPropertiesRebinder]
2017-06-08 12:40:44.284  INFO 12280 --- [main] o.s.c.support.DefaultLifecycleProcessor  : Starting beans in phase 0
2017-06-08 12:40:44.387  INFO 12280 --- [main] o.s.c.n.eureka.InstanceInfoFactory       : Setting initial instance status as: STARTING
2017-06-08 12:40:44.728  INFO 12280 --- [main] c.n.d.provider.DiscoveryJerseyProvider   : Using JSON encoding codec LegacyJacksonJson
2017-06-08 12:40:44.729  INFO 12280 --- [main] c.n.d.provider.DiscoveryJerseyProvider   : Using JSON decoding codec LegacyJacksonJson
2017-06-08 12:40:44.856  INFO 12280 --- [main] c.n.d.provider.DiscoveryJerseyProvider   : Using XML encoding codec XStreamXml
2017-06-08 12:40:44.856  INFO 12280 --- [main] c.n.d.provider.DiscoveryJerseyProvider   : Using XML decoding codec XStreamXml
2017-06-08 12:40:45.305  INFO 12280 --- [main] com.netflix.discovery.DiscoveryClient    : Disable delta property : false
2017-06-08 12:40:45.305  INFO 12280 --- [main] com.netflix.discovery.DiscoveryClient    : Single vip registry refresh property : null
2017-06-08 12:40:45.305  INFO 12280 --- [main] com.netflix.discovery.DiscoveryClient    : Force full registry fetch : false
2017-06-08 12:40:45.305  INFO 12280 --- [main] com.netflix.discovery.DiscoveryClient    : Application is null : false
2017-06-08 12:40:45.305  INFO 12280 --- [main] com.netflix.discovery.DiscoveryClient    : Registered Applications size is zero : true
2017-06-08 12:40:45.305  INFO 12280 --- [main] com.netflix.discovery.DiscoveryClient    : Application version is -1: true
2017-06-08 12:40:45.305  INFO 12280 --- [main] com.netflix.discovery.DiscoveryClient    : Getting all instance registry info from the eureka server
2017-06-08 12:40:45.507  INFO 12280 --- [main] com.netflix.discovery.DiscoveryClient    : The response status is 200
2017-06-08 12:40:45.511  INFO 12280 --- [main] com.netflix.discovery.DiscoveryClient    : Starting heartbeat executor: renew interval is: 10
2017-06-08 12:40:45.515  INFO 12280 --- [main] c.n.discovery.InstanceInfoReplicator     : InstanceInfoReplicator onDemand update allowed rate per min is 4
2017-06-08 12:40:45.520  INFO 12280 --- [main] com.netflix.discovery.DiscoveryClient    : Discovery Client initialized at timestamp 1496896845519 with initial instances count: 3
2017-06-08 12:40:45.554  INFO 12280 --- [main] c.n.e.EurekaDiscoveryClientConfiguration : Registering application hello-server with eureka with status UP
2017-06-08 12:40:45.555  INFO 12280 --- [main] com.netflix.discovery.DiscoveryClient    : Saw local status change event StatusChangeEvent [timestamp=1496896845555, current=UP, previous=STARTING]
2017-06-08 12:40:45.557  INFO 12280 --- [DiscoveryClient-InstanceInfoReplicator-0] com.netflix.discovery.DiscoveryClient    : DiscoveryClient_HELLO-SERVER/SUNGUOQ29.asiapacific.hpqcorp.net:hello-server: registering service...
2017-06-08 12:40:45.605  INFO 12280 --- [DiscoveryClient-InstanceInfoReplicator-0] com.netflix.discovery.DiscoveryClient    : DiscoveryClient_HELLO-SERVER/SUNGUOQ29.asiapacific.hpqcorp.net:hello-server - registration status: 204
2017-06-08 12:40:45.640  INFO 12280 --- [main] s.b.c.e.t.TomcatEmbeddedServletContainer : Tomcat started on port(s): 8080 (http)
2017-06-08 12:40:45.641  INFO 12280 --- [main] c.n.e.EurekaDiscoveryClientConfiguration : Updating port to 8080
2017-06-08 12:40:45.644  INFO 12280 --- [main] test.Application                         : Started Application in 13.656 seconds (JVM running for 15.214)
